{"E:\\UNIVERSITAS BRAWIJAYA\\1. Fakultas Ilmu Komputer\\Teknik Informatika\\Belajar Ngoding\\BELAJAR JAVASCRIPT\\src\\Applications\\security\\AuthenticationTokenManager.js": {"path":"E:\\UNIVERSITAS BRAWIJAYA\\1. Fakultas Ilmu Komputer\\Teknik Informatika\\Belajar Ngoding\\BELAJAR JAVASCRIPT\\src\\Applications\\security\\AuthenticationTokenManager.js","statementMap":{"0":{"start":{"line":3,"column":8},"end":{"line":3,"column":79}},"1":{"start":{"line":7,"column":8},"end":{"line":7,"column":79}},"2":{"start":{"line":11,"column":8},"end":{"line":11,"column":79}},"3":{"start":{"line":15,"column":8},"end":{"line":15,"column":79}},"4":{"start":{"line":19,"column":8},"end":{"line":19,"column":79}},"5":{"start":{"line":23,"column":0},"end":{"line":23,"column":44}}},"fnMap":{"0":{"name":"(anonymous_0)","decl":{"start":{"line":2,"column":4},"end":{"line":2,"column":5}},"loc":{"start":{"line":2,"column":38},"end":{"line":4,"column":5}},"line":2},"1":{"name":"(anonymous_1)","decl":{"start":{"line":6,"column":4},"end":{"line":6,"column":5}},"loc":{"start":{"line":6,"column":39},"end":{"line":8,"column":5}},"line":6},"2":{"name":"(anonymous_2)","decl":{"start":{"line":10,"column":4},"end":{"line":10,"column":5}},"loc":{"start":{"line":10,"column":36},"end":{"line":12,"column":5}},"line":10},"3":{"name":"(anonymous_3)","decl":{"start":{"line":14,"column":4},"end":{"line":14,"column":5}},"loc":{"start":{"line":14,"column":37},"end":{"line":16,"column":5}},"line":14},"4":{"name":"(anonymous_4)","decl":{"start":{"line":18,"column":4},"end":{"line":18,"column":5}},"loc":{"start":{"line":18,"column":32},"end":{"line":20,"column":5}},"line":18}},"branchMap":{},"s":{"0":1,"1":1,"2":1,"3":1,"4":0,"5":5},"f":{"0":1,"1":1,"2":1,"3":1,"4":0},"b":{},"_coverageSchema":"1a1c01bbd47fc00a2c39e90264f33305004495a9","hash":"d6c633ad8a51ebc34fbc16a0436a310a7bc4b8cf"}
,"E:\\UNIVERSITAS BRAWIJAYA\\1. Fakultas Ilmu Komputer\\Teknik Informatika\\Belajar Ngoding\\BELAJAR JAVASCRIPT\\src\\Applications\\security\\PasswordHash.js": {"path":"E:\\UNIVERSITAS BRAWIJAYA\\1. Fakultas Ilmu Komputer\\Teknik Informatika\\Belajar Ngoding\\BELAJAR JAVASCRIPT\\src\\Applications\\security\\PasswordHash.js","statementMap":{"0":{"start":{"line":3,"column":8},"end":{"line":3,"column":64}},"1":{"start":{"line":7,"column":8},"end":{"line":7,"column":64}},"2":{"start":{"line":11,"column":0},"end":{"line":11,"column":30}}},"fnMap":{"0":{"name":"(anonymous_0)","decl":{"start":{"line":2,"column":4},"end":{"line":2,"column":5}},"loc":{"start":{"line":2,"column":26},"end":{"line":4,"column":5}},"line":2},"1":{"name":"(anonymous_1)","decl":{"start":{"line":6,"column":4},"end":{"line":6,"column":5}},"loc":{"start":{"line":6,"column":53},"end":{"line":8,"column":5}},"line":6}},"branchMap":{},"s":{"0":1,"1":0,"2":5},"f":{"0":1,"1":0},"b":{},"_coverageSchema":"1a1c01bbd47fc00a2c39e90264f33305004495a9","hash":"1554e7f075c6714e0370e655d72d4240826b50ca"}
,"E:\\UNIVERSITAS BRAWIJAYA\\1. Fakultas Ilmu Komputer\\Teknik Informatika\\Belajar Ngoding\\BELAJAR JAVASCRIPT\\src\\Applications\\use_case\\AddCommentUseCase.js": {"path":"E:\\UNIVERSITAS BRAWIJAYA\\1. Fakultas Ilmu Komputer\\Teknik Informatika\\Belajar Ngoding\\BELAJAR JAVASCRIPT\\src\\Applications\\use_case\\AddCommentUseCase.js","statementMap":{"0":{"start":{"line":1,"column":19},"end":{"line":1,"column":73}},"1":{"start":{"line":5,"column":8},"end":{"line":5,"column":52}},"2":{"start":{"line":6,"column":8},"end":{"line":6,"column":50}},"3":{"start":{"line":10,"column":27},"end":{"line":10,"column":57}},"4":{"start":{"line":12,"column":8},"end":{"line":12,"column":72}},"5":{"start":{"line":14,"column":8},"end":{"line":14,"column":79}},"6":{"start":{"line":18,"column":0},"end":{"line":18,"column":35}}},"fnMap":{"0":{"name":"(anonymous_0)","decl":{"start":{"line":4,"column":4},"end":{"line":4,"column":5}},"loc":{"start":{"line":4,"column":57},"end":{"line":7,"column":5}},"line":4},"1":{"name":"(anonymous_1)","decl":{"start":{"line":9,"column":4},"end":{"line":9,"column":5}},"loc":{"start":{"line":9,"column":51},"end":{"line":15,"column":5}},"line":9}},"branchMap":{},"s":{"0":2,"1":2,"2":2,"3":7,"4":7,"5":6,"6":2},"f":{"0":2,"1":7},"b":{},"_coverageSchema":"1a1c01bbd47fc00a2c39e90264f33305004495a9","hash":"50bdf74f11e2d61921d85b43d1114a06ddf53d20"}
,"E:\\UNIVERSITAS BRAWIJAYA\\1. Fakultas Ilmu Komputer\\Teknik Informatika\\Belajar Ngoding\\BELAJAR JAVASCRIPT\\src\\Applications\\use_case\\AddReplyUseCase.js": {"path":"E:\\UNIVERSITAS BRAWIJAYA\\1. Fakultas Ilmu Komputer\\Teknik Informatika\\Belajar Ngoding\\BELAJAR JAVASCRIPT\\src\\Applications\\use_case\\AddReplyUseCase.js","statementMap":{"0":{"start":{"line":1,"column":17},"end":{"line":1,"column":67}},"1":{"start":{"line":5,"column":4},"end":{"line":5,"column":44}},"2":{"start":{"line":6,"column":4},"end":{"line":6,"column":48}},"3":{"start":{"line":7,"column":4},"end":{"line":7,"column":46}},"4":{"start":{"line":11,"column":21},"end":{"line":11,"column":49}},"5":{"start":{"line":13,"column":4},"end":{"line":13,"column":68}},"6":{"start":{"line":14,"column":4},"end":{"line":14,"column":71}},"7":{"start":{"line":16,"column":4},"end":{"line":16,"column":70}},"8":{"start":{"line":20,"column":0},"end":{"line":20,"column":33}}},"fnMap":{"0":{"name":"(anonymous_0)","decl":{"start":{"line":4,"column":2},"end":{"line":4,"column":3}},"loc":{"start":{"line":4,"column":72},"end":{"line":8,"column":3}},"line":4},"1":{"name":"(anonymous_1)","decl":{"start":{"line":10,"column":2},"end":{"line":10,"column":3}},"loc":{"start":{"line":10,"column":60},"end":{"line":17,"column":3}},"line":10}},"branchMap":{},"s":{"0":2,"1":1,"2":1,"3":1,"4":1,"5":1,"6":1,"7":1,"8":2},"f":{"0":1,"1":1},"b":{},"_coverageSchema":"1a1c01bbd47fc00a2c39e90264f33305004495a9","hash":"094c88f35b6cf6d4c71736c69f75ad99bc6cfcbd"}
,"E:\\UNIVERSITAS BRAWIJAYA\\1. Fakultas Ilmu Komputer\\Teknik Informatika\\Belajar Ngoding\\BELAJAR JAVASCRIPT\\src\\Applications\\use_case\\AddThreadUseCase.js": {"path":"E:\\UNIVERSITAS BRAWIJAYA\\1. Fakultas Ilmu Komputer\\Teknik Informatika\\Belajar Ngoding\\BELAJAR JAVASCRIPT\\src\\Applications\\use_case\\AddThreadUseCase.js","statementMap":{"0":{"start":{"line":1,"column":18},"end":{"line":1,"column":69}},"1":{"start":{"line":5,"column":8},"end":{"line":5,"column":50}},"2":{"start":{"line":9,"column":26},"end":{"line":9,"column":55}},"3":{"start":{"line":10,"column":8},"end":{"line":10,"column":72}},"4":{"start":{"line":14,"column":0},"end":{"line":14,"column":34}}},"fnMap":{"0":{"name":"(anonymous_0)","decl":{"start":{"line":4,"column":4},"end":{"line":4,"column":5}},"loc":{"start":{"line":4,"column":36},"end":{"line":6,"column":5}},"line":4},"1":{"name":"(anonymous_1)","decl":{"start":{"line":8,"column":4},"end":{"line":8,"column":5}},"loc":{"start":{"line":8,"column":41},"end":{"line":11,"column":5}},"line":8}},"branchMap":{},"s":{"0":2,"1":2,"2":8,"3":7,"4":2},"f":{"0":2,"1":8},"b":{},"_coverageSchema":"1a1c01bbd47fc00a2c39e90264f33305004495a9","hash":"8ac94fc1659fc40412c7b3007cdf7187ab46fa02"}
,"E:\\UNIVERSITAS BRAWIJAYA\\1. Fakultas Ilmu Komputer\\Teknik Informatika\\Belajar Ngoding\\BELAJAR JAVASCRIPT\\src\\Applications\\use_case\\AddUserUseCase.js": {"path":"E:\\UNIVERSITAS BRAWIJAYA\\1. Fakultas Ilmu Komputer\\Teknik Informatika\\Belajar Ngoding\\BELAJAR JAVASCRIPT\\src\\Applications\\use_case\\AddUserUseCase.js","statementMap":{"0":{"start":{"line":1,"column":22},"end":{"line":1,"column":74}},"1":{"start":{"line":8,"column":8},"end":{"line":8,"column":46}},"2":{"start":{"line":9,"column":8},"end":{"line":9,"column":42}},"3":{"start":{"line":13,"column":29},"end":{"line":13,"column":61}},"4":{"start":{"line":15,"column":8},"end":{"line":15,"column":82}},"5":{"start":{"line":16,"column":8},"end":{"line":16,"column":85}},"6":{"start":{"line":17,"column":8},"end":{"line":17,"column":58}},"7":{"start":{"line":21,"column":0},"end":{"line":21,"column":32}}},"fnMap":{"0":{"name":"(anonymous_0)","decl":{"start":{"line":4,"column":4},"end":{"line":4,"column":5}},"loc":{"start":{"line":7,"column":7},"end":{"line":10,"column":5}},"line":7},"1":{"name":"(anonymous_1)","decl":{"start":{"line":12,"column":4},"end":{"line":12,"column":5}},"loc":{"start":{"line":12,"column":34},"end":{"line":18,"column":5}},"line":12}},"branchMap":{},"s":{"0":2,"1":2,"2":2,"3":16,"4":12,"5":11,"6":11,"7":2},"f":{"0":2,"1":16},"b":{},"_coverageSchema":"1a1c01bbd47fc00a2c39e90264f33305004495a9","hash":"d7b5bc35355f55b70d082d80a4ada67af681b403"}
,"E:\\UNIVERSITAS BRAWIJAYA\\1. Fakultas Ilmu Komputer\\Teknik Informatika\\Belajar Ngoding\\BELAJAR JAVASCRIPT\\src\\Applications\\use_case\\DeleteCommentUseCase.js": {"path":"E:\\UNIVERSITAS BRAWIJAYA\\1. Fakultas Ilmu Komputer\\Teknik Informatika\\Belajar Ngoding\\BELAJAR JAVASCRIPT\\src\\Applications\\use_case\\DeleteCommentUseCase.js","statementMap":{"0":{"start":{"line":3,"column":4},"end":{"line":3,"column":48}},"1":{"start":{"line":4,"column":4},"end":{"line":4,"column":46}},"2":{"start":{"line":8,"column":43},"end":{"line":8,"column":57}},"3":{"start":{"line":9,"column":4},"end":{"line":9,"column":68}},"4":{"start":{"line":10,"column":4},"end":{"line":10,"column":71}},"5":{"start":{"line":11,"column":4},"end":{"line":11,"column":71}},"6":{"start":{"line":13,"column":4},"end":{"line":13,"column":60}},"7":{"start":{"line":17,"column":0},"end":{"line":17,"column":38}}},"fnMap":{"0":{"name":"(anonymous_0)","decl":{"start":{"line":2,"column":2},"end":{"line":2,"column":3}},"loc":{"start":{"line":2,"column":55},"end":{"line":5,"column":3}},"line":2},"1":{"name":"(anonymous_1)","decl":{"start":{"line":7,"column":2},"end":{"line":7,"column":3}},"loc":{"start":{"line":7,"column":32},"end":{"line":14,"column":3}},"line":7}},"branchMap":{},"s":{"0":2,"1":2,"2":4,"3":4,"4":1,"5":1,"6":1,"7":2},"f":{"0":2,"1":4},"b":{},"_coverageSchema":"1a1c01bbd47fc00a2c39e90264f33305004495a9","hash":"7c17395d55c1f0a11f57a7d5ba11027fdf13eaa8"}
,"E:\\UNIVERSITAS BRAWIJAYA\\1. Fakultas Ilmu Komputer\\Teknik Informatika\\Belajar Ngoding\\BELAJAR JAVASCRIPT\\src\\Applications\\use_case\\DeleteReplyUseCase.js": {"path":"E:\\UNIVERSITAS BRAWIJAYA\\1. Fakultas Ilmu Komputer\\Teknik Informatika\\Belajar Ngoding\\BELAJAR JAVASCRIPT\\src\\Applications\\use_case\\DeleteReplyUseCase.js","statementMap":{"0":{"start":{"line":3,"column":4},"end":{"line":3,"column":44}},"1":{"start":{"line":4,"column":4},"end":{"line":4,"column":48}},"2":{"start":{"line":5,"column":4},"end":{"line":5,"column":46}},"3":{"start":{"line":9,"column":52},"end":{"line":9,"column":66}},"4":{"start":{"line":10,"column":4},"end":{"line":10,"column":68}},"5":{"start":{"line":11,"column":4},"end":{"line":11,"column":71}},"6":{"start":{"line":12,"column":4},"end":{"line":12,"column":65}},"7":{"start":{"line":13,"column":4},"end":{"line":13,"column":65}},"8":{"start":{"line":15,"column":4},"end":{"line":15,"column":54}},"9":{"start":{"line":19,"column":0},"end":{"line":19,"column":36}}},"fnMap":{"0":{"name":"(anonymous_0)","decl":{"start":{"line":2,"column":2},"end":{"line":2,"column":3}},"loc":{"start":{"line":2,"column":72},"end":{"line":6,"column":3}},"line":2},"1":{"name":"(anonymous_1)","decl":{"start":{"line":8,"column":2},"end":{"line":8,"column":3}},"loc":{"start":{"line":8,"column":32},"end":{"line":16,"column":3}},"line":8}},"branchMap":{},"s":{"0":1,"1":1,"2":1,"3":1,"4":1,"5":1,"6":1,"7":1,"8":1,"9":2},"f":{"0":1,"1":1},"b":{},"_coverageSchema":"1a1c01bbd47fc00a2c39e90264f33305004495a9","hash":"7b23acef5e1bf5dd1c525ee88724e50dab9cb4c4"}
,"E:\\UNIVERSITAS BRAWIJAYA\\1. Fakultas Ilmu Komputer\\Teknik Informatika\\Belajar Ngoding\\BELAJAR JAVASCRIPT\\src\\Applications\\use_case\\GetThreadDetailUseCase.js": {"path":"E:\\UNIVERSITAS BRAWIJAYA\\1. Fakultas Ilmu Komputer\\Teknik Informatika\\Belajar Ngoding\\BELAJAR JAVASCRIPT\\src\\Applications\\use_case\\GetThreadDetailUseCase.js","statementMap":{"0":{"start":{"line":1,"column":21},"end":{"line":1,"column":75}},"1":{"start":{"line":5,"column":4},"end":{"line":5,"column":46}},"2":{"start":{"line":6,"column":4},"end":{"line":6,"column":48}},"3":{"start":{"line":7,"column":4},"end":{"line":7,"column":44}},"4":{"start":{"line":11,"column":4},"end":{"line":11,"column":68}},"5":{"start":{"line":13,"column":25},"end":{"line":13,"column":77}},"6":{"start":{"line":15,"column":20},"end":{"line":17,"column":5}},"7":{"start":{"line":19,"column":31},"end":{"line":38,"column":5}},"8":{"start":{"line":21,"column":24},"end":{"line":23,"column":9}},"9":{"start":{"line":25,"column":8},"end":{"line":36,"column":10}},"10":{"start":{"line":30,"column":43},"end":{"line":35,"column":11}},"11":{"start":{"line":40,"column":4},"end":{"line":43,"column":7}},"12":{"start":{"line":47,"column":0},"end":{"line":47,"column":40}}},"fnMap":{"0":{"name":"(anonymous_0)","decl":{"start":{"line":4,"column":2},"end":{"line":4,"column":3}},"loc":{"start":{"line":4,"column":72},"end":{"line":8,"column":3}},"line":4},"1":{"name":"(anonymous_1)","decl":{"start":{"line":10,"column":2},"end":{"line":10,"column":3}},"loc":{"start":{"line":10,"column":26},"end":{"line":44,"column":3}},"line":10},"2":{"name":"(anonymous_2)","decl":{"start":{"line":20,"column":18},"end":{"line":20,"column":19}},"loc":{"start":{"line":20,"column":37},"end":{"line":37,"column":7}},"line":20},"3":{"name":"(anonymous_3)","decl":{"start":{"line":30,"column":31},"end":{"line":30,"column":32}},"loc":{"start":{"line":30,"column":43},"end":{"line":35,"column":11}},"line":30}},"branchMap":{"0":{"loc":{"start":{"line":27,"column":19},"end":{"line":29,"column":29}},"type":"cond-expr","locations":[{"start":{"line":28,"column":14},"end":{"line":28,"column":42}},{"start":{"line":29,"column":14},"end":{"line":29,"column":29}}],"line":27},"1":{"loc":{"start":{"line":32,"column":21},"end":{"line":34,"column":29}},"type":"cond-expr","locations":[{"start":{"line":33,"column":16},"end":{"line":33,"column":43}},{"start":{"line":34,"column":16},"end":{"line":34,"column":29}}],"line":32}},"s":{"0":2,"1":3,"2":3,"3":3,"4":5,"5":4,"6":4,"7":4,"8":5,"9":5,"10":2,"11":4,"12":2},"f":{"0":3,"1":5,"2":5,"3":2},"b":{"0":[1,4],"1":[1,1]},"_coverageSchema":"1a1c01bbd47fc00a2c39e90264f33305004495a9","hash":"1b15a08748d89bec1bb781b702f70709b79f1997"}
,"E:\\UNIVERSITAS BRAWIJAYA\\1. Fakultas Ilmu Komputer\\Teknik Informatika\\Belajar Ngoding\\BELAJAR JAVASCRIPT\\src\\Applications\\use_case\\LoginUserUseCase.js": {"path":"E:\\UNIVERSITAS BRAWIJAYA\\1. Fakultas Ilmu Komputer\\Teknik Informatika\\Belajar Ngoding\\BELAJAR JAVASCRIPT\\src\\Applications\\use_case\\LoginUserUseCase.js","statementMap":{"0":{"start":{"line":1,"column":16},"end":{"line":1,"column":73}},"1":{"start":{"line":2,"column":27},"end":{"line":2,"column":95}},"2":{"start":{"line":11,"column":4},"end":{"line":11,"column":42}},"3":{"start":{"line":12,"column":4},"end":{"line":12,"column":64}},"4":{"start":{"line":13,"column":4},"end":{"line":13,"column":66}},"5":{"start":{"line":14,"column":4},"end":{"line":14,"column":38}},"6":{"start":{"line":19,"column":35},"end":{"line":19,"column":62}},"7":{"start":{"line":22,"column":27},"end":{"line":24,"column":5}},"8":{"start":{"line":27,"column":4},"end":{"line":27,"column":70}},"9":{"start":{"line":30,"column":15},"end":{"line":30,"column":67}},"10":{"start":{"line":34,"column":6},"end":{"line":37,"column":8}},"11":{"start":{"line":39,"column":6},"end":{"line":42,"column":8}},"12":{"start":{"line":44,"column":4},"end":{"line":44,"column":65}},"13":{"start":{"line":46,"column":4},"end":{"line":49,"column":7}},"14":{"start":{"line":53,"column":0},"end":{"line":53,"column":34}}},"fnMap":{"0":{"name":"(anonymous_0)","decl":{"start":{"line":5,"column":2},"end":{"line":5,"column":3}},"loc":{"start":{"line":10,"column":5},"end":{"line":15,"column":3}},"line":10},"1":{"name":"(anonymous_1)","decl":{"start":{"line":17,"column":2},"end":{"line":17,"column":3}},"loc":{"start":{"line":17,"column":32},"end":{"line":50,"column":3}},"line":17}},"branchMap":{},"s":{"0":2,"1":2,"2":2,"3":2,"4":2,"5":2,"6":10,"7":10,"8":10,"9":10,"10":10,"11":10,"12":10,"13":10,"14":2},"f":{"0":2,"1":10},"b":{},"_coverageSchema":"1a1c01bbd47fc00a2c39e90264f33305004495a9","hash":"616b6e594be81ed3af9ae439bb2003c137e6fd78"}
,"E:\\UNIVERSITAS BRAWIJAYA\\1. Fakultas Ilmu Komputer\\Teknik Informatika\\Belajar Ngoding\\BELAJAR JAVASCRIPT\\src\\Applications\\use_case\\LogoutUserUseCase.js": {"path":"E:\\UNIVERSITAS BRAWIJAYA\\1. Fakultas Ilmu Komputer\\Teknik Informatika\\Belajar Ngoding\\BELAJAR JAVASCRIPT\\src\\Applications\\use_case\\LogoutUserUseCase.js","statementMap":{"0":{"start":{"line":3,"column":8},"end":{"line":3,"column":66}},"1":{"start":{"line":7,"column":8},"end":{"line":7,"column":46}},"2":{"start":{"line":9,"column":33},"end":{"line":9,"column":47}},"3":{"start":{"line":11,"column":8},"end":{"line":11,"column":82}},"4":{"start":{"line":12,"column":8},"end":{"line":12,"column":71}},"5":{"start":{"line":16,"column":8},"end":{"line":18,"column":9}},"6":{"start":{"line":17,"column":12},"end":{"line":17,"column":78}},"7":{"start":{"line":20,"column":8},"end":{"line":22,"column":9}},"8":{"start":{"line":21,"column":12},"end":{"line":21,"column":93}},"9":{"start":{"line":26,"column":0},"end":{"line":26,"column":35}}},"fnMap":{"0":{"name":"(anonymous_0)","decl":{"start":{"line":2,"column":4},"end":{"line":2,"column":5}},"loc":{"start":{"line":2,"column":46},"end":{"line":4,"column":5}},"line":2},"1":{"name":"(anonymous_1)","decl":{"start":{"line":6,"column":4},"end":{"line":6,"column":5}},"loc":{"start":{"line":6,"column":34},"end":{"line":13,"column":5}},"line":6},"2":{"name":"(anonymous_2)","decl":{"start":{"line":15,"column":4},"end":{"line":15,"column":5}},"loc":{"start":{"line":15,"column":39},"end":{"line":23,"column":5}},"line":15}},"branchMap":{"0":{"loc":{"start":{"line":16,"column":8},"end":{"line":18,"column":9}},"type":"if","locations":[{"start":{"line":16,"column":8},"end":{"line":18,"column":9}},{"start":{},"end":{}}],"line":16},"1":{"loc":{"start":{"line":20,"column":8},"end":{"line":22,"column":9}},"type":"if","locations":[{"start":{"line":20,"column":8},"end":{"line":22,"column":9}},{"start":{},"end":{}}],"line":20}},"s":{"0":3,"1":3,"2":1,"3":1,"4":1,"5":3,"6":1,"7":2,"8":1,"9":2},"f":{"0":3,"1":3,"2":3},"b":{"0":[1,2],"1":[1,1]},"_coverageSchema":"1a1c01bbd47fc00a2c39e90264f33305004495a9","hash":"a718b50d9be8dc9ad9a9adac5e53bb2933ba9bc6"}
,"E:\\UNIVERSITAS BRAWIJAYA\\1. Fakultas Ilmu Komputer\\Teknik Informatika\\Belajar Ngoding\\BELAJAR JAVASCRIPT\\src\\Applications\\use_case\\RefreshAuthenticationsUseCase.js": {"path":"E:\\UNIVERSITAS BRAWIJAYA\\1. Fakultas Ilmu Komputer\\Teknik Informatika\\Belajar Ngoding\\BELAJAR JAVASCRIPT\\src\\Applications\\use_case\\RefreshAuthenticationsUseCase.js","statementMap":{"0":{"start":{"line":6,"column":8},"end":{"line":6,"column":66}},"1":{"start":{"line":7,"column":8},"end":{"line":7,"column":70}},"2":{"start":{"line":11,"column":8},"end":{"line":11,"column":46}},"3":{"start":{"line":13,"column":33},"end":{"line":13,"column":47}},"4":{"start":{"line":15,"column":8},"end":{"line":15,"column":80}},"5":{"start":{"line":17,"column":8},"end":{"line":17,"column":82}},"6":{"start":{"line":19,"column":33},"end":{"line":19,"column":99}},"7":{"start":{"line":21,"column":31},"end":{"line":21,"column":105}},"8":{"start":{"line":23,"column":8},"end":{"line":23,"column":30}},"9":{"start":{"line":27,"column":8},"end":{"line":29,"column":9}},"10":{"start":{"line":28,"column":12},"end":{"line":28,"column":89}},"11":{"start":{"line":31,"column":8},"end":{"line":33,"column":9}},"12":{"start":{"line":32,"column":12},"end":{"line":32,"column":104}},"13":{"start":{"line":37,"column":0},"end":{"line":37,"column":46}}},"fnMap":{"0":{"name":"(anonymous_0)","decl":{"start":{"line":2,"column":4},"end":{"line":2,"column":5}},"loc":{"start":{"line":5,"column":7},"end":{"line":8,"column":5}},"line":5},"1":{"name":"(anonymous_1)","decl":{"start":{"line":10,"column":4},"end":{"line":10,"column":5}},"loc":{"start":{"line":10,"column":34},"end":{"line":24,"column":5}},"line":10},"2":{"name":"(anonymous_2)","decl":{"start":{"line":26,"column":4},"end":{"line":26,"column":5}},"loc":{"start":{"line":26,"column":39},"end":{"line":34,"column":5}},"line":26}},"branchMap":{"0":{"loc":{"start":{"line":27,"column":8},"end":{"line":29,"column":9}},"type":"if","locations":[{"start":{"line":27,"column":8},"end":{"line":29,"column":9}},{"start":{},"end":{}}],"line":27},"1":{"loc":{"start":{"line":31,"column":8},"end":{"line":33,"column":9}},"type":"if","locations":[{"start":{"line":31,"column":8},"end":{"line":33,"column":9}},{"start":{},"end":{}}],"line":31}},"s":{"0":3,"1":3,"2":3,"3":1,"4":1,"5":1,"6":1,"7":1,"8":1,"9":3,"10":1,"11":2,"12":1,"13":2},"f":{"0":3,"1":3,"2":3},"b":{"0":[1,2],"1":[1,1]},"_coverageSchema":"1a1c01bbd47fc00a2c39e90264f33305004495a9","hash":"8947641c9b0b1ad37f69bcf386adcfd77e5b8ac2"}
,"E:\\UNIVERSITAS BRAWIJAYA\\1. Fakultas Ilmu Komputer\\Teknik Informatika\\Belajar Ngoding\\BELAJAR JAVASCRIPT\\src\\Commons\\config.js": {"path":"E:\\UNIVERSITAS BRAWIJAYA\\1. Fakultas Ilmu Komputer\\Teknik Informatika\\Belajar Ngoding\\BELAJAR JAVASCRIPT\\src\\Commons\\config.js","statementMap":{"0":{"start":{"line":1,"column":15},"end":{"line":1,"column":32}},"1":{"start":{"line":2,"column":13},"end":{"line":2,"column":28}},"2":{"start":{"line":4,"column":0},"end":{"line":10,"column":1}},"3":{"start":{"line":5,"column":4},"end":{"line":7,"column":6}},"4":{"start":{"line":9,"column":4},"end":{"line":9,"column":20}},"5":{"start":{"line":12,"column":15},"end":{"line":25,"column":1}},"6":{"start":{"line":27,"column":0},"end":{"line":27,"column":24}}},"fnMap":{},"branchMap":{"0":{"loc":{"start":{"line":4,"column":0},"end":{"line":10,"column":1}},"type":"if","locations":[{"start":{"line":4,"column":0},"end":{"line":10,"column":1}},{"start":{"line":8,"column":7},"end":{"line":10,"column":1}}],"line":4},"1":{"loc":{"start":{"line":14,"column":14},"end":{"line":14,"column":88}},"type":"cond-expr","locations":[{"start":{"line":14,"column":54},"end":{"line":14,"column":65}},{"start":{"line":14,"column":68},"end":{"line":14,"column":88}}],"line":14},"2":{"loc":{"start":{"line":16,"column":15},"end":{"line":16,"column":81}},"type":"cond-expr","locations":[{"start":{"line":16,"column":56},"end":{"line":16,"column":76}},{"start":{"line":16,"column":79},"end":{"line":16,"column":81}}],"line":16}},"s":{"0":42,"1":42,"2":42,"3":42,"4":0,"5":42,"6":42},"f":{},"b":{"0":[42,0],"1":[42,0],"2":[42,0]},"_coverageSchema":"1a1c01bbd47fc00a2c39e90264f33305004495a9","hash":"ab744e8113ef6b994792a839e9f250bbba134cb6"}
,"E:\\UNIVERSITAS BRAWIJAYA\\1. Fakultas Ilmu Komputer\\Teknik Informatika\\Belajar Ngoding\\BELAJAR JAVASCRIPT\\src\\Commons\\exceptions\\AuthenticationError.js": {"path":"E:\\UNIVERSITAS BRAWIJAYA\\1. Fakultas Ilmu Komputer\\Teknik Informatika\\Belajar Ngoding\\BELAJAR JAVASCRIPT\\src\\Commons\\exceptions\\AuthenticationError.js","statementMap":{"0":{"start":{"line":1,"column":20},"end":{"line":1,"column":44}},"1":{"start":{"line":5,"column":8},"end":{"line":5,"column":28}},"2":{"start":{"line":7,"column":8},"end":{"line":7,"column":42}},"3":{"start":{"line":11,"column":0},"end":{"line":11,"column":32}}},"fnMap":{"0":{"name":"(anonymous_0)","decl":{"start":{"line":4,"column":4},"end":{"line":4,"column":5}},"loc":{"start":{"line":4,"column":25},"end":{"line":8,"column":5}},"line":4}},"branchMap":{},"s":{"0":3,"1":1,"2":1,"3":3},"f":{"0":1},"b":{},"_coverageSchema":"1a1c01bbd47fc00a2c39e90264f33305004495a9","hash":"9b9ea73140f13522c9cc8f8892bc5ba8efaf346a"}
,"E:\\UNIVERSITAS BRAWIJAYA\\1. Fakultas Ilmu Komputer\\Teknik Informatika\\Belajar Ngoding\\BELAJAR JAVASCRIPT\\src\\Commons\\exceptions\\AuthorizationError.js": {"path":"E:\\UNIVERSITAS BRAWIJAYA\\1. Fakultas Ilmu Komputer\\Teknik Informatika\\Belajar Ngoding\\BELAJAR JAVASCRIPT\\src\\Commons\\exceptions\\AuthorizationError.js","statementMap":{"0":{"start":{"line":1,"column":20},"end":{"line":1,"column":44}},"1":{"start":{"line":5,"column":8},"end":{"line":5,"column":28}},"2":{"start":{"line":6,"column":8},"end":{"line":6,"column":41}},"3":{"start":{"line":10,"column":0},"end":{"line":10,"column":36}}},"fnMap":{"0":{"name":"(anonymous_0)","decl":{"start":{"line":4,"column":4},"end":{"line":4,"column":5}},"loc":{"start":{"line":4,"column":25},"end":{"line":7,"column":5}},"line":4}},"branchMap":{},"s":{"0":5,"1":4,"2":4,"3":5},"f":{"0":4},"b":{},"_coverageSchema":"1a1c01bbd47fc00a2c39e90264f33305004495a9","hash":"17c8be83756e87236830b430999d81d7bb4165e9"}
,"E:\\UNIVERSITAS BRAWIJAYA\\1. Fakultas Ilmu Komputer\\Teknik Informatika\\Belajar Ngoding\\BELAJAR JAVASCRIPT\\src\\Commons\\exceptions\\ClientError.js": {"path":"E:\\UNIVERSITAS BRAWIJAYA\\1. Fakultas Ilmu Komputer\\Teknik Informatika\\Belajar Ngoding\\BELAJAR JAVASCRIPT\\src\\Commons\\exceptions\\ClientError.js","statementMap":{"0":{"start":{"line":3,"column":8},"end":{"line":3,"column":23}},"1":{"start":{"line":5,"column":8},"end":{"line":7,"column":9}},"2":{"start":{"line":6,"column":12},"end":{"line":6,"column":62}},"3":{"start":{"line":8,"column":8},"end":{"line":8,"column":37}},"4":{"start":{"line":9,"column":8},"end":{"line":9,"column":34}},"5":{"start":{"line":13,"column":0},"end":{"line":13,"column":29}}},"fnMap":{"0":{"name":"(anonymous_0)","decl":{"start":{"line":2,"column":4},"end":{"line":2,"column":5}},"loc":{"start":{"line":2,"column":43},"end":{"line":10,"column":5}},"line":2}},"branchMap":{"0":{"loc":{"start":{"line":2,"column":25},"end":{"line":2,"column":41}},"type":"default-arg","locations":[{"start":{"line":2,"column":38},"end":{"line":2,"column":41}}],"line":2},"1":{"loc":{"start":{"line":5,"column":8},"end":{"line":7,"column":9}},"type":"if","locations":[{"start":{"line":5,"column":8},"end":{"line":7,"column":9}},{"start":{},"end":{}}],"line":5}},"s":{"0":38,"1":38,"2":1,"3":37,"4":37,"5":14},"f":{"0":38},"b":{"0":[20],"1":[1,37]},"_coverageSchema":"1a1c01bbd47fc00a2c39e90264f33305004495a9","hash":"11a84e334e9601f2340f305b6ff2a95f51036755"}
,"E:\\UNIVERSITAS BRAWIJAYA\\1. Fakultas Ilmu Komputer\\Teknik Informatika\\Belajar Ngoding\\BELAJAR JAVASCRIPT\\src\\Commons\\exceptions\\DomainErrorTranslator.js": {"path":"E:\\UNIVERSITAS BRAWIJAYA\\1. Fakultas Ilmu Komputer\\Teknik Informatika\\Belajar Ngoding\\BELAJAR JAVASCRIPT\\src\\Commons\\exceptions\\DomainErrorTranslator.js","statementMap":{"0":{"start":{"line":1,"column":23},"end":{"line":1,"column":50}},"1":{"start":{"line":3,"column":30},"end":{"line":7,"column":1}},"2":{"start":{"line":5,"column":4},"end":{"line":5,"column":70}},"3":{"start":{"line":9,"column":0},"end":{"line":23,"column":2}},"4":{"start":{"line":25,"column":0},"end":{"line":25,"column":39}}},"fnMap":{"0":{"name":"(anonymous_0)","decl":{"start":{"line":4,"column":2},"end":{"line":4,"column":3}},"loc":{"start":{"line":4,"column":19},"end":{"line":6,"column":3}},"line":4}},"branchMap":{"0":{"loc":{"start":{"line":5,"column":11},"end":{"line":5,"column":69}},"type":"binary-expr","locations":[{"start":{"line":5,"column":11},"end":{"line":5,"column":60}},{"start":{"line":5,"column":64},"end":{"line":5,"column":69}}],"line":5}},"s":{"0":2,"1":2,"2":23,"3":2,"4":2},"f":{"0":23},"b":{"0":[23,15]},"_coverageSchema":"1a1c01bbd47fc00a2c39e90264f33305004495a9","hash":"f696c237859e21a7f7ae96d500f0edb14b319660"}
,"E:\\UNIVERSITAS BRAWIJAYA\\1. Fakultas Ilmu Komputer\\Teknik Informatika\\Belajar Ngoding\\BELAJAR JAVASCRIPT\\src\\Commons\\exceptions\\InvariantError.js": {"path":"E:\\UNIVERSITAS BRAWIJAYA\\1. Fakultas Ilmu Komputer\\Teknik Informatika\\Belajar Ngoding\\BELAJAR JAVASCRIPT\\src\\Commons\\exceptions\\InvariantError.js","statementMap":{"0":{"start":{"line":1,"column":20},"end":{"line":1,"column":44}},"1":{"start":{"line":5,"column":8},"end":{"line":5,"column":23}},"2":{"start":{"line":7,"column":8},"end":{"line":7,"column":37}},"3":{"start":{"line":11,"column":0},"end":{"line":11,"column":32}}},"fnMap":{"0":{"name":"(anonymous_0)","decl":{"start":{"line":4,"column":4},"end":{"line":4,"column":5}},"loc":{"start":{"line":4,"column":25},"end":{"line":8,"column":5}},"line":4}},"branchMap":{},"s":{"0":6,"1":19,"2":19,"3":6},"f":{"0":19},"b":{},"_coverageSchema":"1a1c01bbd47fc00a2c39e90264f33305004495a9","hash":"05e6d9ea43e06ce7003cc4e4279e5b2be1c207d5"}
,"E:\\UNIVERSITAS BRAWIJAYA\\1. Fakultas Ilmu Komputer\\Teknik Informatika\\Belajar Ngoding\\BELAJAR JAVASCRIPT\\src\\Commons\\exceptions\\NotFoundError.js": {"path":"E:\\UNIVERSITAS BRAWIJAYA\\1. Fakultas Ilmu Komputer\\Teknik Informatika\\Belajar Ngoding\\BELAJAR JAVASCRIPT\\src\\Commons\\exceptions\\NotFoundError.js","statementMap":{"0":{"start":{"line":1,"column":20},"end":{"line":1,"column":44}},"1":{"start":{"line":5,"column":8},"end":{"line":5,"column":28}},"2":{"start":{"line":7,"column":8},"end":{"line":7,"column":36}},"3":{"start":{"line":11,"column":0},"end":{"line":11,"column":31}}},"fnMap":{"0":{"name":"(anonymous_0)","decl":{"start":{"line":4,"column":4},"end":{"line":4,"column":5}},"loc":{"start":{"line":4,"column":25},"end":{"line":8,"column":5}},"line":4}},"branchMap":{},"s":{"0":5,"1":13,"2":13,"3":5},"f":{"0":13},"b":{},"_coverageSchema":"1a1c01bbd47fc00a2c39e90264f33305004495a9","hash":"14c9f2ee2b5ccd69b0c1e5aad4ad21a7b0bf236a"}
,"E:\\UNIVERSITAS BRAWIJAYA\\1. Fakultas Ilmu Komputer\\Teknik Informatika\\Belajar Ngoding\\BELAJAR JAVASCRIPT\\src\\Domains\\authentications\\authenticationsRepository.js": {"path":"E:\\UNIVERSITAS BRAWIJAYA\\1. Fakultas Ilmu Komputer\\Teknik Informatika\\Belajar Ngoding\\BELAJAR JAVASCRIPT\\src\\Domains\\authentications\\authenticationsRepository.js","statementMap":{"0":{"start":{"line":3,"column":8},"end":{"line":3,"column":77}},"1":{"start":{"line":7,"column":8},"end":{"line":7,"column":77}},"2":{"start":{"line":11,"column":8},"end":{"line":11,"column":77}},"3":{"start":{"line":15,"column":0},"end":{"line":15,"column":43}}},"fnMap":{"0":{"name":"(anonymous_0)","decl":{"start":{"line":2,"column":4},"end":{"line":2,"column":5}},"loc":{"start":{"line":2,"column":27},"end":{"line":4,"column":5}},"line":2},"1":{"name":"(anonymous_1)","decl":{"start":{"line":6,"column":4},"end":{"line":6,"column":5}},"loc":{"start":{"line":6,"column":30},"end":{"line":8,"column":5}},"line":6},"2":{"name":"(anonymous_2)","decl":{"start":{"line":10,"column":4},"end":{"line":10,"column":5}},"loc":{"start":{"line":10,"column":41},"end":{"line":12,"column":5}},"line":10}},"branchMap":{},"s":{"0":1,"1":1,"2":1,"3":6},"f":{"0":1,"1":1,"2":1},"b":{},"_coverageSchema":"1a1c01bbd47fc00a2c39e90264f33305004495a9","hash":"76e2d394412333994e5664d4fa39ad8e4ce5b4b8"}
,"E:\\UNIVERSITAS BRAWIJAYA\\1. Fakultas Ilmu Komputer\\Teknik Informatika\\Belajar Ngoding\\BELAJAR JAVASCRIPT\\src\\Domains\\authentications\\entities\\NewAuth.js": {"path":"E:\\UNIVERSITAS BRAWIJAYA\\1. Fakultas Ilmu Komputer\\Teknik Informatika\\Belajar Ngoding\\BELAJAR JAVASCRIPT\\src\\Domains\\authentications\\entities\\NewAuth.js","statementMap":{"0":{"start":{"line":3,"column":8},"end":{"line":3,"column":37}},"1":{"start":{"line":5,"column":39},"end":{"line":5,"column":46}},"2":{"start":{"line":7,"column":8},"end":{"line":7,"column":33}},"3":{"start":{"line":8,"column":8},"end":{"line":8,"column":33}},"4":{"start":{"line":12,"column":39},"end":{"line":12,"column":46}},"5":{"start":{"line":14,"column":8},"end":{"line":16,"column":9}},"6":{"start":{"line":15,"column":12},"end":{"line":15,"column":68}},"7":{"start":{"line":18,"column":8},"end":{"line":20,"column":9}},"8":{"start":{"line":19,"column":12},"end":{"line":19,"column":73}},"9":{"start":{"line":24,"column":0},"end":{"line":24,"column":25}}},"fnMap":{"0":{"name":"(anonymous_0)","decl":{"start":{"line":2,"column":4},"end":{"line":2,"column":5}},"loc":{"start":{"line":2,"column":25},"end":{"line":9,"column":5}},"line":2},"1":{"name":"(anonymous_1)","decl":{"start":{"line":11,"column":4},"end":{"line":11,"column":5}},"loc":{"start":{"line":11,"column":28},"end":{"line":21,"column":5}},"line":11}},"branchMap":{"0":{"loc":{"start":{"line":14,"column":8},"end":{"line":16,"column":9}},"type":"if","locations":[{"start":{"line":14,"column":8},"end":{"line":16,"column":9}},{"start":{},"end":{}}],"line":14},"1":{"loc":{"start":{"line":14,"column":12},"end":{"line":14,"column":34}},"type":"binary-expr","locations":[{"start":{"line":14,"column":12},"end":{"line":14,"column":21}},{"start":{"line":14,"column":25},"end":{"line":14,"column":34}}],"line":14},"2":{"loc":{"start":{"line":18,"column":8},"end":{"line":20,"column":9}},"type":"if","locations":[{"start":{"line":18,"column":8},"end":{"line":20,"column":9}},{"start":{},"end":{}}],"line":18},"3":{"loc":{"start":{"line":18,"column":12},"end":{"line":18,"column":72}},"type":"binary-expr","locations":[{"start":{"line":18,"column":12},"end":{"line":18,"column":40}},{"start":{"line":18,"column":44},"end":{"line":18,"column":72}}],"line":18}},"s":{"0":13,"1":11,"2":11,"3":11,"4":13,"5":13,"6":1,"7":12,"8":1,"9":3},"f":{"0":13,"1":13},"b":{"0":[1,12],"1":[13,13],"2":[1,11],"3":[12,12]},"_coverageSchema":"1a1c01bbd47fc00a2c39e90264f33305004495a9","hash":"e7a980a272224cc151b9d6afffbc2a199bed1dc5"}
,"E:\\UNIVERSITAS BRAWIJAYA\\1. Fakultas Ilmu Komputer\\Teknik Informatika\\Belajar Ngoding\\BELAJAR JAVASCRIPT\\src\\Domains\\authentications\\entities\\NewAuthentications.js": {"path":"E:\\UNIVERSITAS BRAWIJAYA\\1. Fakultas Ilmu Komputer\\Teknik Informatika\\Belajar Ngoding\\BELAJAR JAVASCRIPT\\src\\Domains\\authentications\\entities\\NewAuthentications.js","statementMap":{"0":{"start":{"line":3,"column":8},"end":{"line":3,"column":37}},"1":{"start":{"line":5,"column":46},"end":{"line":5,"column":53}},"2":{"start":{"line":7,"column":8},"end":{"line":7,"column":39}},"3":{"start":{"line":8,"column":8},"end":{"line":8,"column":41}},"4":{"start":{"line":12,"column":46},"end":{"line":12,"column":53}},"5":{"start":{"line":14,"column":8},"end":{"line":16,"column":9}},"6":{"start":{"line":15,"column":12},"end":{"line":15,"column":79}},"7":{"start":{"line":18,"column":8},"end":{"line":20,"column":9}},"8":{"start":{"line":19,"column":12},"end":{"line":19,"column":84}},"9":{"start":{"line":24,"column":0},"end":{"line":24,"column":36}}},"fnMap":{"0":{"name":"(anonymous_0)","decl":{"start":{"line":2,"column":4},"end":{"line":2,"column":5}},"loc":{"start":{"line":2,"column":25},"end":{"line":9,"column":5}},"line":2},"1":{"name":"(anonymous_1)","decl":{"start":{"line":11,"column":4},"end":{"line":11,"column":5}},"loc":{"start":{"line":11,"column":28},"end":{"line":21,"column":5}},"line":11}},"branchMap":{"0":{"loc":{"start":{"line":14,"column":8},"end":{"line":16,"column":9}},"type":"if","locations":[{"start":{"line":14,"column":8},"end":{"line":16,"column":9}},{"start":{},"end":{}}],"line":14},"1":{"loc":{"start":{"line":14,"column":12},"end":{"line":14,"column":41}},"type":"binary-expr","locations":[{"start":{"line":14,"column":12},"end":{"line":14,"column":24}},{"start":{"line":14,"column":28},"end":{"line":14,"column":41}}],"line":14},"2":{"loc":{"start":{"line":18,"column":8},"end":{"line":20,"column":9}},"type":"if","locations":[{"start":{"line":18,"column":8},"end":{"line":20,"column":9}},{"start":{},"end":{}}],"line":18},"3":{"loc":{"start":{"line":18,"column":12},"end":{"line":18,"column":79}},"type":"binary-expr","locations":[{"start":{"line":18,"column":12},"end":{"line":18,"column":43}},{"start":{"line":18,"column":47},"end":{"line":18,"column":79}}],"line":18}},"s":{"0":13,"1":11,"2":11,"3":11,"4":13,"5":13,"6":1,"7":12,"8":1,"9":3},"f":{"0":13,"1":13},"b":{"0":[1,12],"1":[13,13],"2":[1,11],"3":[12,12]},"_coverageSchema":"1a1c01bbd47fc00a2c39e90264f33305004495a9","hash":"f3a6d1a5521ba5ac4e4420a2b3067797772326a9"}
,"E:\\UNIVERSITAS BRAWIJAYA\\1. Fakultas Ilmu Komputer\\Teknik Informatika\\Belajar Ngoding\\BELAJAR JAVASCRIPT\\src\\Domains\\comments\\CommentsRepository.js": {"path":"E:\\UNIVERSITAS BRAWIJAYA\\1. Fakultas Ilmu Komputer\\Teknik Informatika\\Belajar Ngoding\\BELAJAR JAVASCRIPT\\src\\Domains\\comments\\CommentsRepository.js","statementMap":{"0":{"start":{"line":3,"column":8},"end":{"line":3,"column":70}},"1":{"start":{"line":7,"column":8},"end":{"line":7,"column":70}},"2":{"start":{"line":11,"column":8},"end":{"line":11,"column":70}},"3":{"start":{"line":15,"column":8},"end":{"line":15,"column":70}},"4":{"start":{"line":19,"column":8},"end":{"line":19,"column":70}},"5":{"start":{"line":23,"column":0},"end":{"line":23,"column":36}}},"fnMap":{"0":{"name":"(anonymous_0)","decl":{"start":{"line":2,"column":4},"end":{"line":2,"column":5}},"loc":{"start":{"line":2,"column":34},"end":{"line":4,"column":5}},"line":2},"1":{"name":"(anonymous_1)","decl":{"start":{"line":6,"column":4},"end":{"line":6,"column":5}},"loc":{"start":{"line":6,"column":51},"end":{"line":8,"column":5}},"line":6},"2":{"name":"(anonymous_2)","decl":{"start":{"line":10,"column":4},"end":{"line":10,"column":5}},"loc":{"start":{"line":10,"column":48},"end":{"line":12,"column":5}},"line":10},"3":{"name":"(anonymous_3)","decl":{"start":{"line":14,"column":4},"end":{"line":14,"column":5}},"loc":{"start":{"line":14,"column":36},"end":{"line":16,"column":5}},"line":14},"4":{"name":"(anonymous_4)","decl":{"start":{"line":18,"column":4},"end":{"line":18,"column":5}},"loc":{"start":{"line":18,"column":43},"end":{"line":20,"column":5}},"line":18}},"branchMap":{},"s":{"0":1,"1":1,"2":1,"3":1,"4":1,"5":8},"f":{"0":1,"1":1,"2":1,"3":1,"4":1},"b":{},"_coverageSchema":"1a1c01bbd47fc00a2c39e90264f33305004495a9","hash":"3011bf2b73cea0ed77f7a7538798829ce76ac703"}
,"E:\\UNIVERSITAS BRAWIJAYA\\1. Fakultas Ilmu Komputer\\Teknik Informatika\\Belajar Ngoding\\BELAJAR JAVASCRIPT\\src\\Domains\\comments\\entities\\AddedComments.js": {"path":"E:\\UNIVERSITAS BRAWIJAYA\\1. Fakultas Ilmu Komputer\\Teknik Informatika\\Belajar Ngoding\\BELAJAR JAVASCRIPT\\src\\Domains\\comments\\entities\\AddedComments.js","statementMap":{"0":{"start":{"line":3,"column":8},"end":{"line":3,"column":37}},"1":{"start":{"line":5,"column":39},"end":{"line":5,"column":46}},"2":{"start":{"line":7,"column":8},"end":{"line":7,"column":21}},"3":{"start":{"line":8,"column":8},"end":{"line":8,"column":31}},"4":{"start":{"line":9,"column":8},"end":{"line":9,"column":27}},"5":{"start":{"line":13,"column":39},"end":{"line":13,"column":46}},"6":{"start":{"line":15,"column":8},"end":{"line":17,"column":9}},"7":{"start":{"line":16,"column":12},"end":{"line":16,"column":74}},"8":{"start":{"line":19,"column":8},"end":{"line":21,"column":9}},"9":{"start":{"line":20,"column":12},"end":{"line":20,"column":79}},"10":{"start":{"line":25,"column":0},"end":{"line":25,"column":31}}},"fnMap":{"0":{"name":"(anonymous_0)","decl":{"start":{"line":2,"column":4},"end":{"line":2,"column":5}},"loc":{"start":{"line":2,"column":25},"end":{"line":10,"column":5}},"line":2},"1":{"name":"(anonymous_1)","decl":{"start":{"line":12,"column":4},"end":{"line":12,"column":5}},"loc":{"start":{"line":12,"column":28},"end":{"line":22,"column":5}},"line":12}},"branchMap":{"0":{"loc":{"start":{"line":15,"column":8},"end":{"line":17,"column":9}},"type":"if","locations":[{"start":{"line":15,"column":8},"end":{"line":17,"column":9}},{"start":{},"end":{}}],"line":15},"1":{"loc":{"start":{"line":15,"column":12},"end":{"line":15,"column":37}},"type":"binary-expr","locations":[{"start":{"line":15,"column":12},"end":{"line":15,"column":15}},{"start":{"line":15,"column":19},"end":{"line":15,"column":27}},{"start":{"line":15,"column":31},"end":{"line":15,"column":37}}],"line":15},"2":{"loc":{"start":{"line":19,"column":8},"end":{"line":21,"column":9}},"type":"if","locations":[{"start":{"line":19,"column":8},"end":{"line":21,"column":9}},{"start":{},"end":{}}],"line":19},"3":{"loc":{"start":{"line":19,"column":12},"end":{"line":19,"column":94}},"type":"binary-expr","locations":[{"start":{"line":19,"column":12},"end":{"line":19,"column":34}},{"start":{"line":19,"column":38},"end":{"line":19,"column":65}},{"start":{"line":19,"column":69},"end":{"line":19,"column":94}}],"line":19}},"s":{"0":13,"1":11,"2":11,"3":11,"4":11,"5":13,"6":13,"7":1,"8":12,"9":1,"10":4},"f":{"0":13,"1":13},"b":{"0":[1,12],"1":[13,13,13],"2":[1,11],"3":[12,12,12]},"_coverageSchema":"1a1c01bbd47fc00a2c39e90264f33305004495a9","hash":"eff9ddfc32b6541b36bbbb0f49652a60fb751ef2"}
,"E:\\UNIVERSITAS BRAWIJAYA\\1. Fakultas Ilmu Komputer\\Teknik Informatika\\Belajar Ngoding\\BELAJAR JAVASCRIPT\\src\\Domains\\comments\\entities\\NewComments.js": {"path":"E:\\UNIVERSITAS BRAWIJAYA\\1. Fakultas Ilmu Komputer\\Teknik Informatika\\Belajar Ngoding\\BELAJAR JAVASCRIPT\\src\\Domains\\comments\\entities\\NewComments.js","statementMap":{"0":{"start":{"line":3,"column":8},"end":{"line":3,"column":37}},"1":{"start":{"line":5,"column":28},"end":{"line":5,"column":35}},"2":{"start":{"line":7,"column":8},"end":{"line":7,"column":31}},"3":{"start":{"line":11,"column":28},"end":{"line":11,"column":35}},"4":{"start":{"line":13,"column":8},"end":{"line":15,"column":9}},"5":{"start":{"line":14,"column":12},"end":{"line":14,"column":72}},"6":{"start":{"line":17,"column":8},"end":{"line":19,"column":9}},"7":{"start":{"line":18,"column":12},"end":{"line":18,"column":77}},"8":{"start":{"line":23,"column":0},"end":{"line":23,"column":29}}},"fnMap":{"0":{"name":"(anonymous_0)","decl":{"start":{"line":2,"column":4},"end":{"line":2,"column":5}},"loc":{"start":{"line":2,"column":25},"end":{"line":8,"column":5}},"line":2},"1":{"name":"(anonymous_1)","decl":{"start":{"line":10,"column":4},"end":{"line":10,"column":5}},"loc":{"start":{"line":10,"column":28},"end":{"line":20,"column":5}},"line":10}},"branchMap":{"0":{"loc":{"start":{"line":13,"column":8},"end":{"line":15,"column":9}},"type":"if","locations":[{"start":{"line":13,"column":8},"end":{"line":15,"column":9}},{"start":{},"end":{}}],"line":13},"1":{"loc":{"start":{"line":17,"column":8},"end":{"line":19,"column":9}},"type":"if","locations":[{"start":{"line":17,"column":8},"end":{"line":19,"column":9}},{"start":{},"end":{}}],"line":17}},"s":{"0":13,"1":11,"2":11,"3":13,"4":13,"5":1,"6":12,"7":1,"8":4},"f":{"0":13,"1":13},"b":{"0":[1,12],"1":[1,11]},"_coverageSchema":"1a1c01bbd47fc00a2c39e90264f33305004495a9","hash":"0fb09297e511db8d7831939a4ec05eeeff19ff88"}
,"E:\\UNIVERSITAS BRAWIJAYA\\1. Fakultas Ilmu Komputer\\Teknik Informatika\\Belajar Ngoding\\BELAJAR JAVASCRIPT\\src\\Domains\\replies\\RepliesRepository.js": {"path":"E:\\UNIVERSITAS BRAWIJAYA\\1. Fakultas Ilmu Komputer\\Teknik Informatika\\Belajar Ngoding\\BELAJAR JAVASCRIPT\\src\\Domains\\replies\\RepliesRepository.js","statementMap":{"0":{"start":{"line":3,"column":4},"end":{"line":3,"column":65}},"1":{"start":{"line":7,"column":4},"end":{"line":7,"column":65}},"2":{"start":{"line":11,"column":4},"end":{"line":11,"column":65}},"3":{"start":{"line":15,"column":4},"end":{"line":15,"column":65}},"4":{"start":{"line":19,"column":4},"end":{"line":19,"column":65}},"5":{"start":{"line":23,"column":0},"end":{"line":23,"column":35}}},"fnMap":{"0":{"name":"(anonymous_0)","decl":{"start":{"line":2,"column":2},"end":{"line":2,"column":3}},"loc":{"start":{"line":2,"column":28},"end":{"line":4,"column":3}},"line":2},"1":{"name":"(anonymous_1)","decl":{"start":{"line":6,"column":2},"end":{"line":6,"column":3}},"loc":{"start":{"line":6,"column":45},"end":{"line":8,"column":3}},"line":6},"2":{"name":"(anonymous_2)","decl":{"start":{"line":10,"column":2},"end":{"line":10,"column":3}},"loc":{"start":{"line":10,"column":30},"end":{"line":12,"column":3}},"line":10},"3":{"name":"(anonymous_3)","decl":{"start":{"line":14,"column":2},"end":{"line":14,"column":3}},"loc":{"start":{"line":14,"column":44},"end":{"line":16,"column":3}},"line":14},"4":{"name":"(anonymous_4)","decl":{"start":{"line":18,"column":2},"end":{"line":18,"column":3}},"loc":{"start":{"line":18,"column":42},"end":{"line":20,"column":3}},"line":18}},"branchMap":{},"s":{"0":1,"1":1,"2":1,"3":1,"4":1,"5":6},"f":{"0":1,"1":1,"2":1,"3":1,"4":1},"b":{},"_coverageSchema":"1a1c01bbd47fc00a2c39e90264f33305004495a9","hash":"fd5e5f399ff34e8f2b07dce48dda82a8ac3b0c41"}
,"E:\\UNIVERSITAS BRAWIJAYA\\1. Fakultas Ilmu Komputer\\Teknik Informatika\\Belajar Ngoding\\BELAJAR JAVASCRIPT\\src\\Domains\\replies\\entities\\AddedReply.js": {"path":"E:\\UNIVERSITAS BRAWIJAYA\\1. Fakultas Ilmu Komputer\\Teknik Informatika\\Belajar Ngoding\\BELAJAR JAVASCRIPT\\src\\Domains\\replies\\entities\\AddedReply.js","statementMap":{"0":{"start":{"line":3,"column":8},"end":{"line":3,"column":37}},"1":{"start":{"line":5,"column":39},"end":{"line":5,"column":46}},"2":{"start":{"line":7,"column":8},"end":{"line":7,"column":21}},"3":{"start":{"line":8,"column":8},"end":{"line":8,"column":31}},"4":{"start":{"line":9,"column":8},"end":{"line":9,"column":27}},"5":{"start":{"line":13,"column":39},"end":{"line":13,"column":46}},"6":{"start":{"line":15,"column":8},"end":{"line":17,"column":9}},"7":{"start":{"line":16,"column":12},"end":{"line":16,"column":71}},"8":{"start":{"line":19,"column":8},"end":{"line":21,"column":9}},"9":{"start":{"line":20,"column":12},"end":{"line":20,"column":76}},"10":{"start":{"line":25,"column":0},"end":{"line":25,"column":28}}},"fnMap":{"0":{"name":"(anonymous_0)","decl":{"start":{"line":2,"column":4},"end":{"line":2,"column":5}},"loc":{"start":{"line":2,"column":25},"end":{"line":10,"column":5}},"line":2},"1":{"name":"(anonymous_1)","decl":{"start":{"line":12,"column":4},"end":{"line":12,"column":5}},"loc":{"start":{"line":12,"column":28},"end":{"line":22,"column":5}},"line":12}},"branchMap":{"0":{"loc":{"start":{"line":15,"column":8},"end":{"line":17,"column":9}},"type":"if","locations":[{"start":{"line":15,"column":8},"end":{"line":17,"column":9}},{"start":{},"end":{}}],"line":15},"1":{"loc":{"start":{"line":15,"column":12},"end":{"line":15,"column":37}},"type":"binary-expr","locations":[{"start":{"line":15,"column":12},"end":{"line":15,"column":15}},{"start":{"line":15,"column":19},"end":{"line":15,"column":27}},{"start":{"line":15,"column":31},"end":{"line":15,"column":37}}],"line":15},"2":{"loc":{"start":{"line":19,"column":8},"end":{"line":21,"column":9}},"type":"if","locations":[{"start":{"line":19,"column":8},"end":{"line":21,"column":9}},{"start":{},"end":{}}],"line":19},"3":{"loc":{"start":{"line":19,"column":12},"end":{"line":19,"column":94}},"type":"binary-expr","locations":[{"start":{"line":19,"column":12},"end":{"line":19,"column":34}},{"start":{"line":19,"column":38},"end":{"line":19,"column":65}},{"start":{"line":19,"column":69},"end":{"line":19,"column":94}}],"line":19}},"s":{"0":8,"1":6,"2":6,"3":6,"4":6,"5":8,"6":8,"7":1,"8":7,"9":1,"10":4},"f":{"0":8,"1":8},"b":{"0":[1,7],"1":[8,8,8],"2":[1,6],"3":[7,7,7]},"_coverageSchema":"1a1c01bbd47fc00a2c39e90264f33305004495a9","hash":"29c996b237ab05f0ad1175e1aaabd0adfea41c1a"}
,"E:\\UNIVERSITAS BRAWIJAYA\\1. Fakultas Ilmu Komputer\\Teknik Informatika\\Belajar Ngoding\\BELAJAR JAVASCRIPT\\src\\Domains\\replies\\entities\\NewReply.js": {"path":"E:\\UNIVERSITAS BRAWIJAYA\\1. Fakultas Ilmu Komputer\\Teknik Informatika\\Belajar Ngoding\\BELAJAR JAVASCRIPT\\src\\Domains\\replies\\entities\\NewReply.js","statementMap":{"0":{"start":{"line":3,"column":8},"end":{"line":3,"column":37}},"1":{"start":{"line":5,"column":28},"end":{"line":5,"column":35}},"2":{"start":{"line":7,"column":8},"end":{"line":7,"column":31}},"3":{"start":{"line":11,"column":28},"end":{"line":11,"column":35}},"4":{"start":{"line":13,"column":8},"end":{"line":15,"column":9}},"5":{"start":{"line":14,"column":12},"end":{"line":14,"column":69}},"6":{"start":{"line":17,"column":8},"end":{"line":19,"column":9}},"7":{"start":{"line":18,"column":12},"end":{"line":18,"column":74}},"8":{"start":{"line":23,"column":0},"end":{"line":23,"column":28}}},"fnMap":{"0":{"name":"(anonymous_0)","decl":{"start":{"line":2,"column":4},"end":{"line":2,"column":5}},"loc":{"start":{"line":2,"column":25},"end":{"line":8,"column":5}},"line":2},"1":{"name":"(anonymous_1)","decl":{"start":{"line":10,"column":4},"end":{"line":10,"column":5}},"loc":{"start":{"line":10,"column":28},"end":{"line":20,"column":5}},"line":10}},"branchMap":{"0":{"loc":{"start":{"line":13,"column":8},"end":{"line":15,"column":9}},"type":"if","locations":[{"start":{"line":13,"column":8},"end":{"line":15,"column":9}},{"start":{},"end":{}}],"line":13},"1":{"loc":{"start":{"line":17,"column":8},"end":{"line":19,"column":9}},"type":"if","locations":[{"start":{"line":17,"column":8},"end":{"line":19,"column":9}},{"start":{},"end":{}}],"line":17}},"s":{"0":7,"1":5,"2":5,"3":7,"4":7,"5":1,"6":6,"7":1,"8":4},"f":{"0":7,"1":7},"b":{"0":[1,6],"1":[1,5]},"_coverageSchema":"1a1c01bbd47fc00a2c39e90264f33305004495a9","hash":"ae60a2ffe5d619d58b9e2e3873e20a58917ff8cf"}
,"E:\\UNIVERSITAS BRAWIJAYA\\1. Fakultas Ilmu Komputer\\Teknik Informatika\\Belajar Ngoding\\BELAJAR JAVASCRIPT\\src\\Domains\\threads\\ThreadRepository.js": {"path":"E:\\UNIVERSITAS BRAWIJAYA\\1. Fakultas Ilmu Komputer\\Teknik Informatika\\Belajar Ngoding\\BELAJAR JAVASCRIPT\\src\\Domains\\threads\\ThreadRepository.js","statementMap":{"0":{"start":{"line":3,"column":8},"end":{"line":3,"column":68}},"1":{"start":{"line":7,"column":8},"end":{"line":7,"column":68}},"2":{"start":{"line":11,"column":8},"end":{"line":11,"column":68}},"3":{"start":{"line":15,"column":8},"end":{"line":15,"column":68}},"4":{"start":{"line":19,"column":0},"end":{"line":19,"column":34}}},"fnMap":{"0":{"name":"(anonymous_0)","decl":{"start":{"line":2,"column":4},"end":{"line":2,"column":5}},"loc":{"start":{"line":2,"column":40},"end":{"line":4,"column":5}},"line":2},"1":{"name":"(anonymous_1)","decl":{"start":{"line":6,"column":4},"end":{"line":6,"column":5}},"loc":{"start":{"line":6,"column":35},"end":{"line":8,"column":5}},"line":6},"2":{"name":"(anonymous_2)","decl":{"start":{"line":10,"column":4},"end":{"line":10,"column":5}},"loc":{"start":{"line":10,"column":46},"end":{"line":12,"column":5}},"line":10},"3":{"name":"(anonymous_3)","decl":{"start":{"line":14,"column":4},"end":{"line":14,"column":5}},"loc":{"start":{"line":14,"column":49},"end":{"line":16,"column":5}},"line":14}},"branchMap":{},"s":{"0":1,"1":1,"2":1,"3":1,"4":9},"f":{"0":1,"1":1,"2":1,"3":1},"b":{},"_coverageSchema":"1a1c01bbd47fc00a2c39e90264f33305004495a9","hash":"0380774c898495cfd75480bfa3a145ef1f18aed5"}
,"E:\\UNIVERSITAS BRAWIJAYA\\1. Fakultas Ilmu Komputer\\Teknik Informatika\\Belajar Ngoding\\BELAJAR JAVASCRIPT\\src\\Domains\\threads\\entities\\AddedThread.js": {"path":"E:\\UNIVERSITAS BRAWIJAYA\\1. Fakultas Ilmu Komputer\\Teknik Informatika\\Belajar Ngoding\\BELAJAR JAVASCRIPT\\src\\Domains\\threads\\entities\\AddedThread.js","statementMap":{"0":{"start":{"line":3,"column":8},"end":{"line":3,"column":37}},"1":{"start":{"line":5,"column":37},"end":{"line":5,"column":44}},"2":{"start":{"line":7,"column":8},"end":{"line":7,"column":21}},"3":{"start":{"line":8,"column":8},"end":{"line":8,"column":27}},"4":{"start":{"line":9,"column":8},"end":{"line":9,"column":27}},"5":{"start":{"line":13,"column":37},"end":{"line":13,"column":44}},"6":{"start":{"line":15,"column":8},"end":{"line":17,"column":9}},"7":{"start":{"line":16,"column":12},"end":{"line":16,"column":72}},"8":{"start":{"line":19,"column":8},"end":{"line":21,"column":9}},"9":{"start":{"line":20,"column":12},"end":{"line":20,"column":77}},"10":{"start":{"line":25,"column":0},"end":{"line":25,"column":29}}},"fnMap":{"0":{"name":"(anonymous_0)","decl":{"start":{"line":2,"column":4},"end":{"line":2,"column":5}},"loc":{"start":{"line":2,"column":25},"end":{"line":10,"column":5}},"line":2},"1":{"name":"(anonymous_1)","decl":{"start":{"line":12,"column":4},"end":{"line":12,"column":5}},"loc":{"start":{"line":12,"column":28},"end":{"line":22,"column":5}},"line":12}},"branchMap":{"0":{"loc":{"start":{"line":15,"column":8},"end":{"line":17,"column":9}},"type":"if","locations":[{"start":{"line":15,"column":8},"end":{"line":17,"column":9}},{"start":{},"end":{}}],"line":15},"1":{"loc":{"start":{"line":15,"column":12},"end":{"line":15,"column":35}},"type":"binary-expr","locations":[{"start":{"line":15,"column":12},"end":{"line":15,"column":15}},{"start":{"line":15,"column":19},"end":{"line":15,"column":25}},{"start":{"line":15,"column":29},"end":{"line":15,"column":35}}],"line":15},"2":{"loc":{"start":{"line":19,"column":8},"end":{"line":21,"column":9}},"type":"if","locations":[{"start":{"line":19,"column":8},"end":{"line":21,"column":9}},{"start":{},"end":{}}],"line":19},"3":{"loc":{"start":{"line":19,"column":12},"end":{"line":19,"column":92}},"type":"binary-expr","locations":[{"start":{"line":19,"column":12},"end":{"line":19,"column":34}},{"start":{"line":19,"column":38},"end":{"line":19,"column":63}},{"start":{"line":19,"column":67},"end":{"line":19,"column":92}}],"line":19}},"s":{"0":14,"1":12,"2":12,"3":12,"4":12,"5":14,"6":14,"7":1,"8":13,"9":1,"10":4},"f":{"0":14,"1":14},"b":{"0":[1,13],"1":[14,13,13],"2":[1,12],"3":[13,13,12]},"_coverageSchema":"1a1c01bbd47fc00a2c39e90264f33305004495a9","hash":"87a21604bb581ffad6d6caa049d7784bc8d0bd42"}
,"E:\\UNIVERSITAS BRAWIJAYA\\1. Fakultas Ilmu Komputer\\Teknik Informatika\\Belajar Ngoding\\BELAJAR JAVASCRIPT\\src\\Domains\\threads\\entities\\Detailthread.js": {"path":"E:\\UNIVERSITAS BRAWIJAYA\\1. Fakultas Ilmu Komputer\\Teknik Informatika\\Belajar Ngoding\\BELAJAR JAVASCRIPT\\src\\Domains\\threads\\entities\\Detailthread.js","statementMap":{"0":{"start":{"line":3,"column":8},"end":{"line":3,"column":37}},"1":{"start":{"line":5,"column":62},"end":{"line":5,"column":69}},"2":{"start":{"line":7,"column":8},"end":{"line":7,"column":21}},"3":{"start":{"line":8,"column":8},"end":{"line":8,"column":27}},"4":{"start":{"line":9,"column":8},"end":{"line":9,"column":25}},"5":{"start":{"line":10,"column":8},"end":{"line":10,"column":25}},"6":{"start":{"line":11,"column":8},"end":{"line":11,"column":33}},"7":{"start":{"line":12,"column":8},"end":{"line":12,"column":33}},"8":{"start":{"line":16,"column":62},"end":{"line":16,"column":69}},"9":{"start":{"line":18,"column":8},"end":{"line":20,"column":9}},"10":{"start":{"line":19,"column":12},"end":{"line":19,"column":73}},"11":{"start":{"line":22,"column":8},"end":{"line":31,"column":9}},"12":{"start":{"line":30,"column":12},"end":{"line":30,"column":78}},"13":{"start":{"line":35,"column":0},"end":{"line":35,"column":30}}},"fnMap":{"0":{"name":"(anonymous_0)","decl":{"start":{"line":2,"column":4},"end":{"line":2,"column":5}},"loc":{"start":{"line":2,"column":25},"end":{"line":13,"column":5}},"line":2},"1":{"name":"(anonymous_1)","decl":{"start":{"line":15,"column":4},"end":{"line":15,"column":5}},"loc":{"start":{"line":15,"column":28},"end":{"line":32,"column":5}},"line":15}},"branchMap":{"0":{"loc":{"start":{"line":18,"column":8},"end":{"line":20,"column":9}},"type":"if","locations":[{"start":{"line":18,"column":8},"end":{"line":20,"column":9}},{"start":{},"end":{}}],"line":18},"1":{"loc":{"start":{"line":18,"column":12},"end":{"line":18,"column":69}},"type":"binary-expr","locations":[{"start":{"line":18,"column":12},"end":{"line":18,"column":15}},{"start":{"line":18,"column":19},"end":{"line":18,"column":25}},{"start":{"line":18,"column":29},"end":{"line":18,"column":34}},{"start":{"line":18,"column":38},"end":{"line":18,"column":43}},{"start":{"line":18,"column":47},"end":{"line":18,"column":56}},{"start":{"line":18,"column":60},"end":{"line":18,"column":69}}],"line":18},"2":{"loc":{"start":{"line":22,"column":8},"end":{"line":31,"column":9}},"type":"if","locations":[{"start":{"line":22,"column":8},"end":{"line":31,"column":9}},{"start":{},"end":{}}],"line":22},"3":{"loc":{"start":{"line":23,"column":12},"end":{"line":28,"column":36}},"type":"binary-expr","locations":[{"start":{"line":23,"column":12},"end":{"line":23,"column":34}},{"start":{"line":24,"column":12},"end":{"line":24,"column":37}},{"start":{"line":25,"column":12},"end":{"line":25,"column":36}},{"start":{"line":26,"column":12},"end":{"line":26,"column":36}},{"start":{"line":27,"column":12},"end":{"line":27,"column":40}},{"start":{"line":28,"column":12},"end":{"line":28,"column":36}}],"line":23}},"s":{"0":7,"1":3,"2":3,"3":3,"4":3,"5":3,"6":3,"7":3,"8":7,"9":7,"10":1,"11":6,"12":3,"13":3},"f":{"0":7,"1":7},"b":{"0":[1,6],"1":[7,7,7,7,7,7],"2":[3,3],"3":[6,6,6,6,4,4]},"_coverageSchema":"1a1c01bbd47fc00a2c39e90264f33305004495a9","hash":"bcfca4f1a96ede6a2ca6e96cc69e834d2ea38747"}
,"E:\\UNIVERSITAS BRAWIJAYA\\1. Fakultas Ilmu Komputer\\Teknik Informatika\\Belajar Ngoding\\BELAJAR JAVASCRIPT\\src\\Domains\\threads\\entities\\NewThread.js": {"path":"E:\\UNIVERSITAS BRAWIJAYA\\1. Fakultas Ilmu Komputer\\Teknik Informatika\\Belajar Ngoding\\BELAJAR JAVASCRIPT\\src\\Domains\\threads\\entities\\NewThread.js","statementMap":{"0":{"start":{"line":3,"column":8},"end":{"line":3,"column":37}},"1":{"start":{"line":5,"column":32},"end":{"line":5,"column":39}},"2":{"start":{"line":7,"column":8},"end":{"line":7,"column":27}},"3":{"start":{"line":8,"column":8},"end":{"line":8,"column":25}},"4":{"start":{"line":12,"column":32},"end":{"line":12,"column":39}},"5":{"start":{"line":14,"column":8},"end":{"line":16,"column":9}},"6":{"start":{"line":15,"column":12},"end":{"line":15,"column":70}},"7":{"start":{"line":18,"column":8},"end":{"line":20,"column":9}},"8":{"start":{"line":19,"column":12},"end":{"line":19,"column":75}},"9":{"start":{"line":24,"column":0},"end":{"line":24,"column":27}}},"fnMap":{"0":{"name":"(anonymous_0)","decl":{"start":{"line":2,"column":4},"end":{"line":2,"column":5}},"loc":{"start":{"line":2,"column":25},"end":{"line":9,"column":5}},"line":2},"1":{"name":"(anonymous_1)","decl":{"start":{"line":11,"column":4},"end":{"line":11,"column":5}},"loc":{"start":{"line":11,"column":28},"end":{"line":21,"column":5}},"line":11}},"branchMap":{"0":{"loc":{"start":{"line":14,"column":8},"end":{"line":16,"column":9}},"type":"if","locations":[{"start":{"line":14,"column":8},"end":{"line":16,"column":9}},{"start":{},"end":{}}],"line":14},"1":{"loc":{"start":{"line":14,"column":12},"end":{"line":14,"column":27}},"type":"binary-expr","locations":[{"start":{"line":14,"column":12},"end":{"line":14,"column":18}},{"start":{"line":14,"column":22},"end":{"line":14,"column":27}}],"line":14},"2":{"loc":{"start":{"line":18,"column":8},"end":{"line":20,"column":9}},"type":"if","locations":[{"start":{"line":18,"column":8},"end":{"line":20,"column":9}},{"start":{},"end":{}}],"line":18},"3":{"loc":{"start":{"line":18,"column":12},"end":{"line":18,"column":65}},"type":"binary-expr","locations":[{"start":{"line":18,"column":12},"end":{"line":18,"column":37}},{"start":{"line":18,"column":41},"end":{"line":18,"column":65}}],"line":18}},"s":{"0":14,"1":11,"2":11,"3":11,"4":14,"5":14,"6":2,"7":12,"8":1,"9":4},"f":{"0":14,"1":14},"b":{"0":[2,12],"1":[14,14],"2":[1,11],"3":[12,12]},"_coverageSchema":"1a1c01bbd47fc00a2c39e90264f33305004495a9","hash":"f5953a2446b4290b4699e3dedf747c89f4ddba58"}
,"E:\\UNIVERSITAS BRAWIJAYA\\1. Fakultas Ilmu Komputer\\Teknik Informatika\\Belajar Ngoding\\BELAJAR JAVASCRIPT\\src\\Domains\\users\\UserRepository.js": {"path":"E:\\UNIVERSITAS BRAWIJAYA\\1. Fakultas Ilmu Komputer\\Teknik Informatika\\Belajar Ngoding\\BELAJAR JAVASCRIPT\\src\\Domains\\users\\UserRepository.js","statementMap":{"0":{"start":{"line":3,"column":4},"end":{"line":3,"column":62}},"1":{"start":{"line":7,"column":4},"end":{"line":7,"column":62}},"2":{"start":{"line":11,"column":4},"end":{"line":11,"column":62}},"3":{"start":{"line":15,"column":4},"end":{"line":15,"column":62}},"4":{"start":{"line":19,"column":0},"end":{"line":19,"column":32}}},"fnMap":{"0":{"name":"(anonymous_0)","decl":{"start":{"line":2,"column":2},"end":{"line":2,"column":3}},"loc":{"start":{"line":2,"column":31},"end":{"line":4,"column":3}},"line":2},"1":{"name":"(anonymous_1)","decl":{"start":{"line":6,"column":2},"end":{"line":6,"column":3}},"loc":{"start":{"line":6,"column":43},"end":{"line":8,"column":3}},"line":6},"2":{"name":"(anonymous_2)","decl":{"start":{"line":10,"column":2},"end":{"line":10,"column":3}},"loc":{"start":{"line":10,"column":41},"end":{"line":12,"column":3}},"line":10},"3":{"name":"(anonymous_3)","decl":{"start":{"line":14,"column":2},"end":{"line":14,"column":3}},"loc":{"start":{"line":14,"column":35},"end":{"line":16,"column":3}},"line":14}},"branchMap":{},"s":{"0":1,"1":1,"2":1,"3":0,"4":5},"f":{"0":1,"1":1,"2":1,"3":0},"b":{},"_coverageSchema":"1a1c01bbd47fc00a2c39e90264f33305004495a9","hash":"9087b6580e2ecdcb61528ac7561c74312c5fc0f8"}
,"E:\\UNIVERSITAS BRAWIJAYA\\1. Fakultas Ilmu Komputer\\Teknik Informatika\\Belajar Ngoding\\BELAJAR JAVASCRIPT\\src\\Domains\\users\\entities\\RegisterUser.js": {"path":"E:\\UNIVERSITAS BRAWIJAYA\\1. Fakultas Ilmu Komputer\\Teknik Informatika\\Belajar Ngoding\\BELAJAR JAVASCRIPT\\src\\Domains\\users\\entities\\RegisterUser.js","statementMap":{"0":{"start":{"line":4,"column":8},"end":{"line":4,"column":37}},"1":{"start":{"line":6,"column":49},"end":{"line":6,"column":56}},"2":{"start":{"line":8,"column":8},"end":{"line":8,"column":33}},"3":{"start":{"line":9,"column":8},"end":{"line":9,"column":33}},"4":{"start":{"line":10,"column":8},"end":{"line":10,"column":33}},"5":{"start":{"line":13,"column":21},"end":{"line":31,"column":5}},"6":{"start":{"line":14,"column":49},"end":{"line":14,"column":56}},"7":{"start":{"line":16,"column":8},"end":{"line":18,"column":9}},"8":{"start":{"line":17,"column":12},"end":{"line":17,"column":73}},"9":{"start":{"line":20,"column":8},"end":{"line":22,"column":9}},"10":{"start":{"line":21,"column":12},"end":{"line":21,"column":78}},"11":{"start":{"line":24,"column":8},"end":{"line":26,"column":9}},"12":{"start":{"line":25,"column":12},"end":{"line":25,"column":65}},"13":{"start":{"line":28,"column":8},"end":{"line":30,"column":9}},"14":{"start":{"line":29,"column":12},"end":{"line":29,"column":83}},"15":{"start":{"line":34,"column":0},"end":{"line":34,"column":30}}},"fnMap":{"0":{"name":"(anonymous_0)","decl":{"start":{"line":2,"column":4},"end":{"line":2,"column":5}},"loc":{"start":{"line":2,"column":25},"end":{"line":11,"column":5}},"line":2},"1":{"name":"(anonymous_1)","decl":{"start":{"line":13,"column":21},"end":{"line":13,"column":22}},"loc":{"start":{"line":13,"column":34},"end":{"line":31,"column":5}},"line":13}},"branchMap":{"0":{"loc":{"start":{"line":16,"column":8},"end":{"line":18,"column":9}},"type":"if","locations":[{"start":{"line":16,"column":8},"end":{"line":18,"column":9}},{"start":{},"end":{}}],"line":16},"1":{"loc":{"start":{"line":16,"column":12},"end":{"line":16,"column":47}},"type":"binary-expr","locations":[{"start":{"line":16,"column":12},"end":{"line":16,"column":21}},{"start":{"line":16,"column":25},"end":{"line":16,"column":34}},{"start":{"line":16,"column":38},"end":{"line":16,"column":47}}],"line":16},"2":{"loc":{"start":{"line":20,"column":8},"end":{"line":22,"column":9}},"type":"if","locations":[{"start":{"line":20,"column":8},"end":{"line":22,"column":9}},{"start":{},"end":{}}],"line":20},"3":{"loc":{"start":{"line":20,"column":12},"end":{"line":20,"column":104}},"type":"binary-expr","locations":[{"start":{"line":20,"column":12},"end":{"line":20,"column":40}},{"start":{"line":20,"column":44},"end":{"line":20,"column":72}},{"start":{"line":20,"column":76},"end":{"line":20,"column":104}}],"line":20},"4":{"loc":{"start":{"line":24,"column":8},"end":{"line":26,"column":9}},"type":"if","locations":[{"start":{"line":24,"column":8},"end":{"line":26,"column":9}},{"start":{},"end":{}}],"line":24},"5":{"loc":{"start":{"line":28,"column":8},"end":{"line":30,"column":9}},"type":"if","locations":[{"start":{"line":28,"column":8},"end":{"line":30,"column":9}},{"start":{},"end":{}}],"line":28}},"s":{"0":23,"1":15,"2":15,"3":15,"4":15,"5":23,"6":23,"7":23,"8":2,"9":21,"10":2,"11":19,"12":2,"13":17,"14":2,"15":4},"f":{"0":23,"1":23},"b":{"0":[2,21],"1":[23,22,22],"2":[2,19],"3":[21,20,20],"4":[2,17],"5":[2,15]},"_coverageSchema":"1a1c01bbd47fc00a2c39e90264f33305004495a9","hash":"733a9b51a686349eb9ec301e3e3a8cfd63885a03"}
,"E:\\UNIVERSITAS BRAWIJAYA\\1. Fakultas Ilmu Komputer\\Teknik Informatika\\Belajar Ngoding\\BELAJAR JAVASCRIPT\\src\\Domains\\users\\entities\\RegisteredUser.js": {"path":"E:\\UNIVERSITAS BRAWIJAYA\\1. Fakultas Ilmu Komputer\\Teknik Informatika\\Belajar Ngoding\\BELAJAR JAVASCRIPT\\src\\Domains\\users\\entities\\RegisteredUser.js","statementMap":{"0":{"start":{"line":3,"column":8},"end":{"line":3,"column":37}},"1":{"start":{"line":5,"column":43},"end":{"line":5,"column":50}},"2":{"start":{"line":7,"column":8},"end":{"line":7,"column":21}},"3":{"start":{"line":8,"column":8},"end":{"line":8,"column":33}},"4":{"start":{"line":9,"column":8},"end":{"line":9,"column":33}},"5":{"start":{"line":13,"column":43},"end":{"line":13,"column":50}},"6":{"start":{"line":15,"column":8},"end":{"line":17,"column":9}},"7":{"start":{"line":16,"column":12},"end":{"line":16,"column":75}},"8":{"start":{"line":19,"column":8},"end":{"line":21,"column":9}},"9":{"start":{"line":20,"column":12},"end":{"line":20,"column":80}},"10":{"start":{"line":25,"column":0},"end":{"line":25,"column":32}}},"fnMap":{"0":{"name":"(anonymous_0)","decl":{"start":{"line":2,"column":4},"end":{"line":2,"column":5}},"loc":{"start":{"line":2,"column":25},"end":{"line":10,"column":5}},"line":2},"1":{"name":"(anonymous_1)","decl":{"start":{"line":12,"column":4},"end":{"line":12,"column":5}},"loc":{"start":{"line":12,"column":29},"end":{"line":22,"column":5}},"line":12}},"branchMap":{"0":{"loc":{"start":{"line":15,"column":8},"end":{"line":17,"column":9}},"type":"if","locations":[{"start":{"line":15,"column":8},"end":{"line":17,"column":9}},{"start":{},"end":{}}],"line":15},"1":{"loc":{"start":{"line":15,"column":12},"end":{"line":15,"column":41}},"type":"binary-expr","locations":[{"start":{"line":15,"column":12},"end":{"line":15,"column":15}},{"start":{"line":15,"column":19},"end":{"line":15,"column":28}},{"start":{"line":15,"column":32},"end":{"line":15,"column":41}}],"line":15},"2":{"loc":{"start":{"line":19,"column":8},"end":{"line":21,"column":9}},"type":"if","locations":[{"start":{"line":19,"column":8},"end":{"line":21,"column":9}},{"start":{},"end":{}}],"line":19},"3":{"loc":{"start":{"line":19,"column":12},"end":{"line":19,"column":98}},"type":"binary-expr","locations":[{"start":{"line":19,"column":12},"end":{"line":19,"column":34}},{"start":{"line":19,"column":38},"end":{"line":19,"column":66}},{"start":{"line":19,"column":70},"end":{"line":19,"column":98}}],"line":19}},"s":{"0":18,"1":16,"2":16,"3":16,"4":16,"5":18,"6":18,"7":1,"8":17,"9":1,"10":4},"f":{"0":18,"1":18},"b":{"0":[1,17],"1":[18,17,17],"2":[1,16],"3":[17,16,16]},"_coverageSchema":"1a1c01bbd47fc00a2c39e90264f33305004495a9","hash":"734b9b0be00418059947c506b58f35acf138b566"}
,"E:\\UNIVERSITAS BRAWIJAYA\\1. Fakultas Ilmu Komputer\\Teknik Informatika\\Belajar Ngoding\\BELAJAR JAVASCRIPT\\src\\Infrastructures\\http\\createServer.js": {"path":"E:\\UNIVERSITAS BRAWIJAYA\\1. Fakultas Ilmu Komputer\\Teknik Informatika\\Belajar Ngoding\\BELAJAR JAVASCRIPT\\src\\Infrastructures\\http\\createServer.js","statementMap":{"0":{"start":{"line":1,"column":13},"end":{"line":1,"column":34}},"1":{"start":{"line":2,"column":20},"end":{"line":2,"column":67}},"2":{"start":{"line":3,"column":30},"end":{"line":3,"column":87}},"3":{"start":{"line":4,"column":14},"end":{"line":4,"column":56}},"4":{"start":{"line":5,"column":24},"end":{"line":5,"column":76}},"5":{"start":{"line":6,"column":16},"end":{"line":6,"column":60}},"6":{"start":{"line":7,"column":12},"end":{"line":7,"column":32}},"7":{"start":{"line":9,"column":20},"end":{"line":93,"column":1}},"8":{"start":{"line":10,"column":19},"end":{"line":14,"column":6}},"9":{"start":{"line":17,"column":4},"end":{"line":21,"column":7}},"10":{"start":{"line":24,"column":4},"end":{"line":38,"column":7}},"11":{"start":{"line":32,"column":34},"end":{"line":37,"column":9}},"12":{"start":{"line":41,"column":4},"end":{"line":60,"column":7}},"13":{"start":{"line":62,"column":4},"end":{"line":90,"column":6}},"14":{"start":{"line":63,"column":29},"end":{"line":63,"column":36}},"15":{"start":{"line":65,"column":8},"end":{"line":87,"column":9}},"16":{"start":{"line":66,"column":36},"end":{"line":66,"column":77}},"17":{"start":{"line":68,"column":12},"end":{"line":75,"column":13}},"18":{"start":{"line":69,"column":36},"end":{"line":72,"column":18}},"19":{"start":{"line":73,"column":16},"end":{"line":73,"column":61}},"20":{"start":{"line":74,"column":16},"end":{"line":74,"column":35}},"21":{"start":{"line":77,"column":12},"end":{"line":79,"column":13}},"22":{"start":{"line":78,"column":16},"end":{"line":78,"column":34}},"23":{"start":{"line":81,"column":32},"end":{"line":84,"column":14}},"24":{"start":{"line":85,"column":12},"end":{"line":85,"column":34}},"25":{"start":{"line":86,"column":12},"end":{"line":86,"column":31}},"26":{"start":{"line":89,"column":8},"end":{"line":89,"column":26}},"27":{"start":{"line":92,"column":4},"end":{"line":92,"column":18}},"28":{"start":{"line":95,"column":0},"end":{"line":95,"column":30}}},"fnMap":{"0":{"name":"(anonymous_0)","decl":{"start":{"line":9,"column":20},"end":{"line":9,"column":21}},"loc":{"start":{"line":9,"column":41},"end":{"line":93,"column":1}},"line":9},"1":{"name":"(anonymous_1)","decl":{"start":{"line":32,"column":18},"end":{"line":32,"column":19}},"loc":{"start":{"line":32,"column":34},"end":{"line":37,"column":9}},"line":32},"2":{"name":"(anonymous_2)","decl":{"start":{"line":62,"column":32},"end":{"line":62,"column":33}},"loc":{"start":{"line":62,"column":48},"end":{"line":90,"column":5}},"line":62}},"branchMap":{"0":{"loc":{"start":{"line":65,"column":8},"end":{"line":87,"column":9}},"type":"if","locations":[{"start":{"line":65,"column":8},"end":{"line":87,"column":9}},{"start":{},"end":{}}],"line":65},"1":{"loc":{"start":{"line":68,"column":12},"end":{"line":75,"column":13}},"type":"if","locations":[{"start":{"line":68,"column":12},"end":{"line":75,"column":13}},{"start":{},"end":{}}],"line":68},"2":{"loc":{"start":{"line":77,"column":12},"end":{"line":79,"column":13}},"type":"if","locations":[{"start":{"line":77,"column":12},"end":{"line":79,"column":13}},{"start":{},"end":{}}],"line":77}},"s":{"0":1,"1":1,"2":1,"3":1,"4":1,"5":1,"6":1,"7":1,"8":20,"9":20,"10":20,"11":16,"12":20,"13":20,"14":48,"15":48,"16":18,"17":18,"18":10,"19":10,"20":10,"21":8,"22":4,"23":4,"24":4,"25":4,"26":30,"27":20,"28":1},"f":{"0":20,"1":16,"2":48},"b":{"0":[18,30],"1":[10,8],"2":[4,4]},"_coverageSchema":"1a1c01bbd47fc00a2c39e90264f33305004495a9","hash":"8bd39b2cd32f015c217d3b47681ced9a6b55f937"}
,"E:\\UNIVERSITAS BRAWIJAYA\\1. Fakultas Ilmu Komputer\\Teknik Informatika\\Belajar Ngoding\\BELAJAR JAVASCRIPT\\src\\Infrastructures\\repository\\AuthenticationRepositoryPostgres.js": {"path":"E:\\UNIVERSITAS BRAWIJAYA\\1. Fakultas Ilmu Komputer\\Teknik Informatika\\Belajar Ngoding\\BELAJAR JAVASCRIPT\\src\\Infrastructures\\repository\\AuthenticationRepositoryPostgres.js","statementMap":{"0":{"start":{"line":1,"column":23},"end":{"line":1,"column":73}},"1":{"start":{"line":2,"column":34},"end":{"line":2,"column":100}},"2":{"start":{"line":6,"column":8},"end":{"line":6,"column":16}},"3":{"start":{"line":7,"column":8},"end":{"line":7,"column":26}},"4":{"start":{"line":11,"column":22},"end":{"line":14,"column":9}},"5":{"start":{"line":15,"column":12},"end":{"line":15,"column":42}},"6":{"start":{"line":20,"column":22},"end":{"line":23,"column":9}},"7":{"start":{"line":25,"column":23},"end":{"line":25,"column":53}},"8":{"start":{"line":26,"column":8},"end":{"line":28,"column":9}},"9":{"start":{"line":27,"column":12},"end":{"line":27,"column":61}},"10":{"start":{"line":32,"column":22},"end":{"line":35,"column":9}},"11":{"start":{"line":37,"column":8},"end":{"line":37,"column":38}},"12":{"start":{"line":41,"column":0},"end":{"line":41,"column":51}}},"fnMap":{"0":{"name":"(anonymous_0)","decl":{"start":{"line":5,"column":4},"end":{"line":5,"column":5}},"loc":{"start":{"line":5,"column":22},"end":{"line":8,"column":5}},"line":5},"1":{"name":"(anonymous_1)","decl":{"start":{"line":10,"column":4},"end":{"line":10,"column":5}},"loc":{"start":{"line":10,"column":26},"end":{"line":17,"column":5}},"line":10},"2":{"name":"(anonymous_2)","decl":{"start":{"line":19,"column":4},"end":{"line":19,"column":5}},"loc":{"start":{"line":19,"column":40},"end":{"line":29,"column":5}},"line":19},"3":{"name":"(anonymous_3)","decl":{"start":{"line":31,"column":4},"end":{"line":31,"column":5}},"loc":{"start":{"line":31,"column":29},"end":{"line":38,"column":5}},"line":31}},"branchMap":{"0":{"loc":{"start":{"line":26,"column":8},"end":{"line":28,"column":9}},"type":"if","locations":[{"start":{"line":26,"column":8},"end":{"line":28,"column":9}},{"start":{},"end":{}}],"line":26}},"s":{"0":2,"1":2,"2":5,"3":5,"4":10,"5":10,"6":2,"7":2,"8":2,"9":1,"10":1,"11":1,"12":2},"f":{"0":5,"1":10,"2":2,"3":1},"b":{"0":[1,1]},"_coverageSchema":"1a1c01bbd47fc00a2c39e90264f33305004495a9","hash":"7d12c6573bcdc506a35e3c534f3c3f81dad30e13"}
,"E:\\UNIVERSITAS BRAWIJAYA\\1. Fakultas Ilmu Komputer\\Teknik Informatika\\Belajar Ngoding\\BELAJAR JAVASCRIPT\\src\\Infrastructures\\repository\\CommentRepositoryPostgres.js": {"path":"E:\\UNIVERSITAS BRAWIJAYA\\1. Fakultas Ilmu Komputer\\Teknik Informatika\\Belajar Ngoding\\BELAJAR JAVASCRIPT\\src\\Infrastructures\\repository\\CommentRepositoryPostgres.js","statementMap":{"0":{"start":{"line":1,"column":26},"end":{"line":1,"column":78}},"1":{"start":{"line":2,"column":21},"end":{"line":2,"column":77}},"2":{"start":{"line":3,"column":22},"end":{"line":3,"column":71}},"3":{"start":{"line":4,"column":27},"end":{"line":4,"column":81}},"4":{"start":{"line":8,"column":4},"end":{"line":8,"column":12}},"5":{"start":{"line":9,"column":4},"end":{"line":9,"column":22}},"6":{"start":{"line":10,"column":4},"end":{"line":10,"column":36}},"7":{"start":{"line":14,"column":24},"end":{"line":14,"column":34}},"8":{"start":{"line":15,"column":15},"end":{"line":15,"column":47}},"9":{"start":{"line":16,"column":17},"end":{"line":16,"column":41}},"10":{"start":{"line":18,"column":18},"end":{"line":21,"column":5}},"11":{"start":{"line":23,"column":19},"end":{"line":23,"column":48}},"12":{"start":{"line":25,"column":4},"end":{"line":25,"column":51}},"13":{"start":{"line":29,"column":18},"end":{"line":32,"column":5}},"14":{"start":{"line":34,"column":19},"end":{"line":34,"column":48}},"15":{"start":{"line":36,"column":4},"end":{"line":38,"column":5}},"16":{"start":{"line":37,"column":6},"end":{"line":37,"column":58}},"17":{"start":{"line":42,"column":18},"end":{"line":45,"column":5}},"18":{"start":{"line":47,"column":19},"end":{"line":47,"column":48}},"19":{"start":{"line":49,"column":4},"end":{"line":51,"column":5}},"20":{"start":{"line":50,"column":6},"end":{"line":50,"column":57}},"21":{"start":{"line":53,"column":20},"end":{"line":53,"column":34}},"22":{"start":{"line":55,"column":4},"end":{"line":57,"column":5}},"23":{"start":{"line":56,"column":6},"end":{"line":56,"column":79}},"24":{"start":{"line":61,"column":18},"end":{"line":64,"column":5}},"25":{"start":{"line":66,"column":4},"end":{"line":66,"column":34}},"26":{"start":{"line":70,"column":18},"end":{"line":77,"column":5}},"27":{"start":{"line":79,"column":19},"end":{"line":79,"column":48}},"28":{"start":{"line":80,"column":4},"end":{"line":80,"column":23}},"29":{"start":{"line":84,"column":0},"end":{"line":84,"column":43}}},"fnMap":{"0":{"name":"(anonymous_0)","decl":{"start":{"line":7,"column":2},"end":{"line":7,"column":3}},"loc":{"start":{"line":7,"column":33},"end":{"line":11,"column":3}},"line":7},"1":{"name":"(anonymous_1)","decl":{"start":{"line":13,"column":2},"end":{"line":13,"column":3}},"loc":{"start":{"line":13,"column":48},"end":{"line":26,"column":3}},"line":13},"2":{"name":"(anonymous_2)","decl":{"start":{"line":28,"column":2},"end":{"line":28,"column":3}},"loc":{"start":{"line":28,"column":45},"end":{"line":39,"column":3}},"line":28},"3":{"name":"(anonymous_3)","decl":{"start":{"line":41,"column":2},"end":{"line":41,"column":3}},"loc":{"start":{"line":41,"column":45},"end":{"line":58,"column":3}},"line":41},"4":{"name":"(anonymous_4)","decl":{"start":{"line":60,"column":2},"end":{"line":60,"column":3}},"loc":{"start":{"line":60,"column":33},"end":{"line":67,"column":3}},"line":60},"5":{"name":"(anonymous_5)","decl":{"start":{"line":69,"column":2},"end":{"line":69,"column":3}},"loc":{"start":{"line":69,"column":40},"end":{"line":81,"column":3}},"line":69}},"branchMap":{"0":{"loc":{"start":{"line":36,"column":4},"end":{"line":38,"column":5}},"type":"if","locations":[{"start":{"line":36,"column":4},"end":{"line":38,"column":5}},{"start":{},"end":{}}],"line":36},"1":{"loc":{"start":{"line":49,"column":4},"end":{"line":51,"column":5}},"type":"if","locations":[{"start":{"line":49,"column":4},"end":{"line":51,"column":5}},{"start":{},"end":{}}],"line":49},"2":{"loc":{"start":{"line":55,"column":4},"end":{"line":57,"column":5}},"type":"if","locations":[{"start":{"line":55,"column":4},"end":{"line":57,"column":5}},{"start":{},"end":{}}],"line":55}},"s":{"0":2,"1":2,"2":2,"3":2,"4":11,"5":11,"6":11,"7":7,"8":7,"9":7,"10":7,"11":7,"12":7,"13":2,"14":2,"15":2,"16":1,"17":3,"18":3,"19":3,"20":1,"21":2,"22":2,"23":1,"24":1,"25":1,"26":4,"27":4,"28":4,"29":2},"f":{"0":11,"1":7,"2":2,"3":3,"4":1,"5":4},"b":{"0":[1,1],"1":[1,2],"2":[1,1]},"_coverageSchema":"1a1c01bbd47fc00a2c39e90264f33305004495a9","hash":"4793f393cb4a608f2a7349491a46b87b5bbff92a"}
,"E:\\UNIVERSITAS BRAWIJAYA\\1. Fakultas Ilmu Komputer\\Teknik Informatika\\Belajar Ngoding\\BELAJAR JAVASCRIPT\\src\\Infrastructures\\repository\\ReplyRepositoryPostgres.js": {"path":"E:\\UNIVERSITAS BRAWIJAYA\\1. Fakultas Ilmu Komputer\\Teknik Informatika\\Belajar Ngoding\\BELAJAR JAVASCRIPT\\src\\Infrastructures\\repository\\ReplyRepositoryPostgres.js","statementMap":{"0":{"start":{"line":1,"column":24},"end":{"line":1,"column":74}},"1":{"start":{"line":2,"column":19},"end":{"line":2,"column":71}},"2":{"start":{"line":3,"column":22},"end":{"line":3,"column":71}},"3":{"start":{"line":4,"column":27},"end":{"line":4,"column":81}},"4":{"start":{"line":8,"column":4},"end":{"line":8,"column":12}},"5":{"start":{"line":9,"column":4},"end":{"line":9,"column":22}},"6":{"start":{"line":10,"column":4},"end":{"line":10,"column":36}},"7":{"start":{"line":14,"column":24},"end":{"line":14,"column":32}},"8":{"start":{"line":15,"column":15},"end":{"line":15,"column":45}},"9":{"start":{"line":16,"column":17},"end":{"line":16,"column":41}},"10":{"start":{"line":18,"column":18},"end":{"line":21,"column":5}},"11":{"start":{"line":23,"column":19},"end":{"line":23,"column":48}},"12":{"start":{"line":25,"column":4},"end":{"line":25,"column":49}},"13":{"start":{"line":29,"column":18},"end":{"line":32,"column":5}},"14":{"start":{"line":34,"column":19},"end":{"line":34,"column":48}},"15":{"start":{"line":36,"column":4},"end":{"line":38,"column":5}},"16":{"start":{"line":37,"column":6},"end":{"line":37,"column":57}},"17":{"start":{"line":42,"column":18},"end":{"line":45,"column":5}},"18":{"start":{"line":47,"column":19},"end":{"line":47,"column":48}},"19":{"start":{"line":49,"column":4},"end":{"line":51,"column":5}},"20":{"start":{"line":50,"column":6},"end":{"line":50,"column":57}},"21":{"start":{"line":53,"column":18},"end":{"line":53,"column":32}},"22":{"start":{"line":55,"column":4},"end":{"line":57,"column":5}},"23":{"start":{"line":56,"column":6},"end":{"line":56,"column":79}},"24":{"start":{"line":61,"column":18},"end":{"line":64,"column":5}},"25":{"start":{"line":66,"column":4},"end":{"line":66,"column":34}},"26":{"start":{"line":70,"column":18},"end":{"line":77,"column":5}},"27":{"start":{"line":78,"column":19},"end":{"line":78,"column":48}},"28":{"start":{"line":80,"column":4},"end":{"line":80,"column":23}},"29":{"start":{"line":84,"column":0},"end":{"line":84,"column":41}}},"fnMap":{"0":{"name":"(anonymous_0)","decl":{"start":{"line":7,"column":2},
[...]
olumn":25},"end":{"line":1,"column":86}},"1":{"start":{"line":2,"column":26},"end":{"line":2,"column":88}},"2":{"start":{"line":3,"column":38},"end":{"line":3,"column":112}},"3":{"start":{"line":7,"column":8},"end":{"line":7,"column":36}},"4":{"start":{"line":9,"column":8},"end":{"line":9,"column":83}},"5":{"start":{"line":10,"column":8},"end":{"line":10,"column":87}},"6":{"start":{"line":11,"column":8},"end":{"line":11,"column":81}},"7":{"start":{"line":15,"column":33},"end":{"line":15,"column":83}},"8":{"start":{"line":16,"column":32},"end":{"line":16,"column":79}},"9":{"start":{"line":17,"column":25},"end":{"line":22,"column":10}},"10":{"start":{"line":23,"column":8},"end":{"line":23,"column":27}},"11":{"start":{"line":24,"column":8},"end":{"line":24,"column":24}},"12":{"start":{"line":28,"column":34},"end":{"line":28,"column":85}},"13":{"start":{"line":29,"column":8},"end":{"line":29,"column":57}},"14":{"start":{"line":30,"column":25},"end":{"line":35,"column":10}},"15":{"start":{"line":37,"column":8},"end":{"line":37,"column":27}},"16":{"start":{"line":38,"column":8},"end":{"line":38,"column":24}},"17":{"start":{"line":42,"column":46},"end":{"line":42,"column":109}},"18":{"start":{"line":43,"column":28},"end":{"line":43,"column":88}},"19":{"start":{"line":44,"column":25},"end":{"line":49,"column":10}},"20":{"start":{"line":50,"column":8},"end":{"line":50,"column":27}},"21":{"start":{"line":51,"column":8},"end":{"line":51,"column":24}},"22":{"start":{"line":55,"column":0},"end":{"line":55,"column":40}}},"fnMap":{"0":{"name":"(anonymous_0)","decl":{"start":{"line":6,"column":4},"end":{"line":6,"column":5}},"loc":{"start":{"line":6,"column":27},"end":{"line":12,"column":5}},"line":6},"1":{"name":"(anonymous_1)","decl":{"start":{"line":14,"column":4},"end":{"line":14,"column":5}},"loc":{"start":{"line":14,"column":48},"end":{"line":25,"column":5}},"line":14},"2":{"name":"(anonymous_2)","decl":{"start":{"line":27,"column":4},"end":{"line":27,"column":5}},"loc":{"start":{"line":27,"column":50},"end":{"line":39,"column":5}},"line":27},"3":{"name":"(anonymous_3)","decl":{"start":{"line":41,"column":4},"end":{"line":41,"column":5}},"loc":{"start":{"line":41,"column":47},"end":{"line":52,"column":5}},"line":41}},"branchMap":{},"s":{"0":1,"1":1,"2":1,"3":20,"4":20,"5":20,"6":20,"7":9,"8":9,"9":9,"10":9,"11":9,"12":0,"13":0,"14":0,"15":0,"16":0,"17":0,"18":0,"19":0,"20":0,"21":0,"22":1},"f":{"0":20,"1":9,"2":0,"3":0},"b":{},"_coverageSchema":"1a1c01bbd47fc00a2c39e90264f33305004495a9","hash":"348883980f4959f5b23b6e875c1933ddb026fff3"}
,"E:\\UNIVERSITAS BRAWIJAYA\\1. Fakultas Ilmu Komputer\\Teknik Informatika\\Belajar Ngoding\\BELAJAR JAVASCRIPT\\src\\Interfaces\\http\\api\\authentications\\index.js": {"path":"E:\\UNIVERSITAS BRAWIJAYA\\1. Fakultas Ilmu Komputer\\Teknik Informatika\\Belajar Ngoding\\BELAJAR JAVASCRIPT\\src\\Interfaces\\http\\api\\authentications\\index.js","statementMap":{"0":{"start":{"line":1,"column":30},"end":{"line":1,"column":50}},"1":{"start":{"line":2,"column":15},"end":{"line":2,"column":34}},"2":{"start":{"line":4,"column":0},"end":{"line":10,"column":1}},"3":{"start":{"line":7,"column":38},"end":{"line":7,"column":74}},"4":{"start":{"line":8,"column":8},"end":{"line":8,"column":52}}},"fnMap":{"0":{"name":"(anonymous_0)","decl":{"start":{"line":6,"column":14},"end":{"line":6,"column":15}},"loc":{"start":{"line":6,"column":45},"end":{"line":9,"column":5}},"line":6}},"branchMap":{},"s":{"0":1,"1":1,"2":1,"3":20,"4":20},"f":{"0":20},"b":{},"_coverageSchema":"1a1c01bbd47fc00a2c39e90264f33305004495a9","hash":"b3503d93bf87b113cee13e20e14b0909bf1167a2"}
,"E:\\UNIVERSITAS BRAWIJAYA\\1. Fakultas Ilmu Komputer\\Teknik Informatika\\Belajar Ngoding\\BELAJAR JAVASCRIPT\\src\\Interfaces\\http\\api\\authentications\\routes.js": {"path":"E:\\UNIVERSITAS BRAWIJAYA\\1. Fakultas Ilmu Komputer\\Teknik Informatika\\Belajar Ngoding\\BELAJAR JAVASCRIPT\\src\\Interfaces\\http\\api\\authentications\\routes.js","statementMap":{"0":{"start":{"line":1,"column":15},"end":{"line":17,"column":2}},"1":{"start":{"line":1,"column":29},"end":{"line":17,"column":1}},"2":{"start":{"line":19,"column":0},"end":{"line":19,"column":24}}},"fnMap":{"0":{"name":"(anonymous_0)","decl":{"start":{"line":1,"column":15},"end":{"line":1,"column":16}},"loc":{"start":{"line":1,"column":29},"end":{"line":17,"column":1}},"line":1}},"branchMap":{},"s":{"0":1,"1":20,"2":1},"f":{"0":20},"b":{},"_coverageSchema":"1a1c01bbd47fc00a2c39e90264f33305004495a9","hash":"bfdcb0a4514dee51f9ca73bc930ff70ce08b73f8"}
,"E:\\UNIVERSITAS BRAWIJAYA\\1. Fakultas Ilmu Komputer\\Teknik Informatika\\Belajar Ngoding\\BELAJAR JAVASCRIPT\\src\\Interfaces\\http\\api\\threads\\handler.js": {"path":"E:\\UNIVERSITAS BRAWIJAYA\\1. Fakultas Ilmu Komputer\\Teknik Informatika\\Belajar Ngoding\\BELAJAR JAVASCRIPT\\src\\Interfaces\\http\\api\\threads\\handler.js","statementMap":{"0":{"start":{"line":1,"column":25},"end":{"line":1,"column":86}},"1":{"start":{"line":2,"column":26},"end":{"line":2,"column":88}},"2":{"start":{"line":3,"column":29},"end":{"line":3,"column":94}},"3":{"start":{"line":4,"column":24},"end":{"line":4,"column":84}},"4":{"start":{"line":5,"column":27},"end":{"line":5,"column":90}},"5":{"start":{"line":6,"column":31},"end":{"line":6,"column":98}},"6":{"start":{"line":10,"column":4},"end":{"line":10,"column":32}},"7":{"start":{"line":12,"column":4},"end":{"line":12,"column":63}},"8":{"start":{"line":13,"column":4},"end":{"line":13,"column":65}},"9":{"start":{"line":14,"column":4},"end":{"line":14,"column":69}},"10":{"start":{"line":15,"column":4},"end":{"line":15,"column":61}},"11":{"start":{"line":16,"column":4},"end":{"line":16,"column":65}},"12":{"start":{"line":17,"column":4},"end":{"line":17,"column":73}},"13":{"start":{"line":21,"column":29},"end":{"line":21,"column":79}},"14":{"start":{"line":22,"column":26},"end":{"line":22,"column":50}},"15":{"start":{"line":24,"column":24},"end":{"line":24,"column":78}},"16":{"start":{"line":26,"column":21},"end":{"line":31,"column":6}},"17":{"start":{"line":32,"column":4},"end":{"line":32,"column":23}},"18":{"start":{"line":33,"column":4},"end":{"line":33,"column":20}},"19":{"start":{"line":37,"column":30},"end":{"line":37,"column":81}},"20":{"start":{"line":38,"column":26},"end":{"line":38,"column":50}},"21":{"start":{"line":39,"column":25},"end":{"line":39,"column":39}},"22":{"start":{"line":41,"column":25},"end":{"line":45,"column":5}},"23":{"start":{"line":47,"column":21},"end":{"line":52,"column":6}},"24":{"start":{"line":53,"column":4},"end":{"line":53,"column":23}},"25":{"start":{"line":54,"column":4},"end":{"line":54,"column":20}},"26":{"start":{"line":58,"column":33},"end":{"line":58,"column":87}},"27":{"start":{"line":59,"column":26},"end":{"line":59,"column":50}},"28":{"start":{"line":60,"column":36},"end":{"line":60,"column":50}},"29":{"start":{"line":62,"column":4},"end":{"line":62,"column":67}},"30":{"start":{"line":64,"column":21},"end":{"line":67,"column":6}},"31":{"start":{"line":68,"column":4},"end":{"line":68,"column":23}},"32":{"start":{"line":69,"column":4},"end":{"line":69,"column":20}},"33":{"start":{"line":73,"column":28},"end":{"line":73,"column":77}},"34":{"start":{"line":74,"column":26},"end":{"line":74,"column":50}},"35":{"start":{"line":75,"column":36},"end":{"line":75,"column":50}},"36":{"start":{"line":77,"column":23},"end":{"line":82,"column":5}},"37":{"start":{"line":84,"column":21},"end":{"line":89,"column":6}},"38":{"start":{"line":90,"column":4},"end":{"line":90,"column":23}},"39":{"start":{"line":91,"column":4},"end":{"line":91,"column":20}},"40":{"start":{"line":95,"column":31},"end":{"line":95,"column":83}},"41":{"start":{"line":96,"column":26},"end":{"line":96,"column":50}},"42":{"start":{"line":97,"column":45},"end":{"line":97,"column":59}},"43":{"start":{"line":99,"column":4},"end":{"line":99,"column":74}},"44":{"start":{"line":101,"column":21},"end":{"line":104,"column":6}},"45":{"start":{"line":105,"column":4},"end":{"line":105,"column":23}},"46":{"start":{"line":106,"column":4},"end":{"line":106,"column":20}},"47":{"start":{"line":110,"column":35},"end":{"line":110,"column":91}},"48":{"start":{"line":111,"column":25},"end":{"line":111,"column":39}},"49":{"start":{"line":113,"column":19},"end":{"line":113,"column":65}},"50":{"start":{"line":115,"column":21},"end":{"line":120,"column":6}},"51":{"start":{"line":121,"column":4},"end":{"line":121,"column":23}},"52":{"start":{"line":122,"column":4},"end":{"line":122,"column":20}},"53":{"start":{"line":126,"column":0},"end":{"line":126,"column":32}}},"fnMap":{"0":{"name":"(anonymous_0)","decl":{"start":{"line":9,"column":2},"end":{"line":9,"column":3}},"loc":{"start":{"line":9,"column":25},"end":{"line":18,"column":3}},"line":9},"1":{"name":"(anonymous_1)","decl":{"start":{"line":20,"column":2},"end":{"line":20,"column":3}},"loc":{"start":{"line":20,"column":38},"end":{"line":34,"column":3}},"line":20},"2":{"name":"(anonymous_2)","decl":{"start":{"line":36,"column":2},"end":{"line":36,"column":3}},"loc":{"start":{"line":36,"column":39},"end":{"line":55,"column":3}},"line":36},"3":{"name":"(anonymous_3)","decl":{"start":{"line":57,"column":2},"end":{"line":57,"column":3}},"loc":{"start":{"line":57,"column":41},"end":{"line":70,"column":3}},"line":57},"4":{"name":"(anonymous_4)","decl":{"start":{"line":72,"column":2},"end":{"line":72,"column":3}},"loc":{"start":{"line":72,"column":37},"end":{"line":92,"column":3}},"line":72},"5":{"name":"(anonymous_5)","decl":{"start":{"line":94,"column":2},"end":{"line":94,"column":3}},"loc":{"start":{"line":94,"column":39},"end":{"line":107,"column":3}},"line":94},"6":{"name":"(anonymous_6)","decl":{"start":{"line":109,"column":2},"end":{"line":109,"column":3}},"loc":{"start":{"line":109,"column":43},"end":{"line":123,"column":3}},"line":109}},"branchMap":{},"s":{"0":1,"1":1,"2":1,"3":1,"4":1,"5":1,"6":20,"7":20,"8":20,"9":20,"10":20,"11":20,"12":20,"13":7,"14":7,"15":7,"16":6,"17":6,"18":6,"19":6,"20":6,"21":6,"22":6,"23":5,"24":5,"25":5,"26":3,"27":3,"28":3,"29":3,"30":0,"31":0,"32":0,"33":0,"34":0,"35":0,"36":0,"37":0,"38":0,"39":0,"40":0,"41":0,"42":0,"43":0,"44":0,"45":0,"46":0,"47":3,"48":3,"49":3,"50":0,"51":0,"52":0,"53":1},"f":{"0":20,"1":7,"2":6,"3":3,"4":0,"5":0,"6":3},"b":{},"_coverageSchema":"1a1c01bbd47fc00a2c39e90264f33305004495a9","hash":"f5d65f31af5f64c99167b6e6228dc02629d14144"}
,"E:\\UNIVERSITAS BRAWIJAYA\\1. Fakultas Ilmu Komputer\\Teknik Informatika\\Belajar Ngoding\\BELAJAR JAVASCRIPT\\src\\Interfaces\\http\\api\\threads\\index.js": {"path":"E:\\UNIVERSITAS BRAWIJAYA\\1. Fakultas Ilmu Komputer\\Teknik Informatika\\Belajar Ngoding\\BELAJAR JAVASCRIPT\\src\\Interfaces\\http\\api\\threads\\index.js","statementMap":{"0":{"start":{"line":1,"column":23},"end":{"line":1,"column":43}},"1":{"start":{"line":2,"column":15},"end":{"line":2,"column":34}},"2":{"start":{"line":4,"column":0},"end":{"line":10,"column":2}},"3":{"start":{"line":7,"column":27},"end":{"line":7,"column":56}},"4":{"start":{"line":8,"column":4},"end":{"line":8,"column":41}}},"fnMap":{"0":{"name":"(anonymous_0)","decl":{"start":{"line":6,"column":12},"end":{"line":6,"column":13}},"loc":{"start":{"line":6,"column":45},"end":{"line":9,"column":3}},"line":6}},"branchMap":{},"s":{"0":1,"1":1,"2":1,"3":20,"4":20},"f":{"0":20},"b":{},"_coverageSchema":"1a1c01bbd47fc00a2c39e90264f33305004495a9","hash":"c3d46c46f52e546cad5282813f7ee2fedb507ba6"}
,"E:\\UNIVERSITAS BRAWIJAYA\\1. Fakultas Ilmu Komputer\\Teknik Informatika\\Belajar Ngoding\\BELAJAR JAVASCRIPT\\src\\Interfaces\\http\\api\\threads\\routes.js": {"path":"E:\\UNIVERSITAS BRAWIJAYA\\1. Fakultas Ilmu Komputer\\Teknik Informatika\\Belajar Ngoding\\BELAJAR JAVASCRIPT\\src\\Interfaces\\http\\api\\threads\\routes.js","statementMap":{"0":{"start":{"line":1,"column":15},"end":{"line":47,"column":1}},"1":{"start":{"line":1,"column":28},"end":{"line":47,"column":1}},"2":{"start":{"line":49,"column":0},"end":{"line":49,"column":24}}},"fnMap":{"0":{"name":"(anonymous_0)","decl":{"start":{"line":1,"column":15},"end":{"line":1,"column":16}},"loc":{"start":{"line":1,"column":28},"end":{"line":47,"column":1}},"line":1}},"branchMap":{},"s":{"0":1,"1":20,"2":1},"f":{"0":20},"b":{},"_coverageSchema":"1a1c01bbd47fc00a2c39e90264f33305004495a9","hash":"7ed10ea0c0e13542f82cc1e7cd2e3087583a8154"}
,"E:\\UNIVERSITAS BRAWIJAYA\\1. Fakultas Ilmu Komputer\\Teknik Informatika\\Belajar Ngoding\\BELAJAR JAVASCRIPT\\src\\Interfaces\\http\\api\\users\\handler.js": {"path":"E:\\UNIVERSITAS BRAWIJAYA\\1. Fakultas Ilmu Komputer\\Teknik Informatika\\Belajar Ngoding\\BELAJAR JAVASCRIPT\\src\\Interfaces\\http\\api\\users\\handler.js","statementMap":{"0":{"start":{"line":1,"column":23},"end":{"line":1,"column":82}},"1":{"start":{"line":5,"column":4},"end":{"line":5,"column":32}},"2":{"start":{"line":7,"column":4},"end":{"line":7,"column":59}},"3":{"start":{"line":11,"column":27},"end":{"line":11,"column":75}},"4":{"start":{"line":12,"column":22},"end":{"line":12,"column":67}},"5":{"start":{"line":13,"column":21},"end":{"line":18,"column":6}},"6":{"start":{"line":19,"column":4},"end":{"line":19,"column":23}},"7":{"start":{"line":20,"column":4},"end":{"line":20,"column":20}},"8":{"start":{"line":24,"column":0},"end":{"line":24,"column":30}}},"fnMap":{"0":{"name":"(anonymous_0)","decl":{"start":{"line":4,"column":2},"end":{"line":4,"column":3}},"loc":{"start":{"line":4,"column":25},"end":{"line":8,"column":3}},"line":4},"1":{"name":"(anonymous_1)","decl":{"start":{"line":10,"column":2},"end":{"line":10,"column":3}},"loc":{"start":{"line":10,"column":36},"end":{"line":21,"column":3}},"line":10}},"branchMap":{},"s":{"0":1,"1":20,"2":20,"3":16,"4":15,"5":10,"6":10,"7":10,"8":1},"f":{"0":20,"1":16},"b":{},"_coverageSchema":"1a1c01bbd47fc00a2c39e90264f33305004495a9","hash":"0a7f6ae12582ac6585ff16865dae6ea654f55279"}
,"E:\\UNIVERSITAS BRAWIJAYA\\1. Fakultas Ilmu Komputer\\Teknik Informatika\\Belajar Ngoding\\BELAJAR JAVASCRIPT\\src\\Interfaces\\http\\api\\users\\index.js": {"path":"E:\\UNIVERSITAS BRAWIJAYA\\1. Fakultas Ilmu Komputer\\Teknik Informatika\\Belajar Ngoding\\BELAJAR JAVASCRIPT\\src\\Interfaces\\http\\api\\users\\index.js","statementMap":{"0":{"start":{"line":1,"column":21},"end":{"line":1,"column":41}},"1":{"start":{"line":2,"column":15},"end":{"line":2,"column":34}},"2":{"start":{"line":4,"column":0},"end":{"line":10,"column":1}},"3":{"start":{"line":7,"column":29},"end":{"line":7,"column":56}},"4":{"start":{"line":8,"column":8},"end":{"line":8,"column":43}}},"fnMap":{"0":{"name":"(anonymous_0)","decl":{"start":{"line":6,"column":14},"end":{"line":6,"column":15}},"loc":{"start":{"line":6,"column":45},"end":{"line":9,"column":5}},"line":6}},"branchMap":{},"s":{"0":1,"1":1,"2":1,"3":20,"4":20},"f":{"0":20},"b":{},"_coverageSchema":"1a1c01bbd47fc00a2c39e90264f33305004495a9","hash":"a37a90c1a069126c8a0b82498666eb846d4381be"}
,"E:\\UNIVERSITAS BRAWIJAYA\\1. Fakultas Ilmu Komputer\\Teknik Informatika\\Belajar Ngoding\\BELAJAR JAVASCRIPT\\src\\Interfaces\\http\\api\\users\\routes.js": {"path":"E:\\UNIVERSITAS BRAWIJAYA\\1. Fakultas Ilmu Komputer\\Teknik Informatika\\Belajar Ngoding\\BELAJAR JAVASCRIPT\\src\\Interfaces\\http\\api\\users\\routes.js","statementMap":{"0":{"start":{"line":1,"column":15},"end":{"line":5,"column":3}},"1":{"start":{"line":1,"column":29},"end":{"line":5,"column":2}},"2":{"start":{"line":7,"column":0},"end":{"line":7,"column":24}}},"fnMap":{"0":{"name":"(anonymous_0)","decl":{"start":{"line":1,"column":15},"end":{"line":1,"column":16}},"loc":{"start":{"line":1,"column":29},"end":{"line":5,"column":2}},"line":1}},"branchMap":{},"s":{"0":1,"1":20,"2":1},"f":{"0":20},"b":{},"_coverageSchema":"1a1c01bbd47fc00a2c39e90264f33305004495a9","hash":"e797f56640aed4617e71a3768849a2b3d45c4aa9"}
,"E:\\UNIVERSITAS BRAWIJAYA\\1. Fakultas Ilmu Komputer\\Teknik Informatika\\Belajar Ngoding\\BELAJAR JAVASCRIPT\\tests\\AuthenticationsTableTestHelper.js": {"path":"E:\\UNIVERSITAS BRAWIJAYA\\1. Fakultas Ilmu Komputer\\Teknik Informatika\\Belajar Ngoding\\BELAJAR JAVASCRIPT\\tests\\AuthenticationsTableTestHelper.js","statementMap":{"0":{"start":{"line":1,"column":13},"end":{"line":1,"column":69}},"1":{"start":{"line":3,"column":39},"end":{"line":30,"column":1}},"2":{"start":{"line":5,"column":22},"end":{"line":8,"column":9}},"3":{"start":{"line":10,"column":8},"end":{"line":10,"column":32}},"4":{"start":{"line":14,"column":22},"end":{"line":17,"column":9}},"5":{"start":{"line":19,"column":23},"end":{"line":19,"column":46}},"6":{"start":{"line":20,"column":8},"end":{"line":20,"column":27}},"7":{"start":{"line":24,"column":22},"end":{"line":26,"column":9}},"8":{"start":{"line":28,"column":8},"end":{"line":28,"column":32}},"9":{"start":{"line":32,"column":0},"end":{"line":32,"column":48}}},"fnMap":{"0":{"name":"(anonymous_0)","decl":{"start":{"line":4,"column":4},"end":{"line":4,"column":5}},"loc":{"start":{"line":4,"column":26},"end":{"line":11,"column":5}},"line":4},"1":{"name":"(anonymous_1)","decl":{"start":{"line":13,"column":4},"end":{"line":13,"column":5}},"loc":{"start":{"line":13,"column":27},"end":{"line":21,"column":5}},"line":13},"2":{"name":"(anonymous_2)","decl":{"start":{"line":23,"column":4},"end":{"line":23,"column":5}},"loc":{"start":{"line":23,"column":23},"end":{"line":29,"column":5}},"line":23}},"branchMap":{},"s":{"0":2,"1":2,"2":2,"3":2,"4":2,"5":2,"6":2,"7":24,"8":24,"9":2},"f":{"0":2,"1":2,"2":24},"b":{},"_coverageSchema":"1a1c01bbd47fc00a2c39e90264f33305004495a9","hash":"8e0387d46d66e5ac93d856b2495a231c746ed086"}
,"E:\\UNIVERSITAS BRAWIJAYA\\1. Fakultas Ilmu Komputer\\Teknik Informatika\\Belajar Ngoding\\BELAJAR JAVASCRIPT\\tests\\UserTableTestHelper.js": {"path":"E:\\UNIVERSITAS BRAWIJAYA\\1. Fakultas Ilmu Komputer\\Teknik Informatika\\Belajar Ngoding\\BELAJAR JAVASCRIPT\\tests\\UserTableTestHelper.js","statementMap":{"0":{"start":{"line":1,"column":13},"end":{"line":1,"column":69}},"1":{"start":{"line":3,"column":28},"end":{"line":30,"column":1}},"2":{"start":{"line":10,"column":18},"end":{"line":13,"column":5}},"3":{"start":{"line":14,"column":4},"end":{"line":14,"column":28}},"4":{"start":{"line":18,"column":18},"end":{"line":21,"column":5}},"5":{"start":{"line":23,"column":19},"end":{"line":23,"column":42}},"6":{"start":{"line":24,"column":4},"end":{"line":24,"column":23}},"7":{"start":{"line":28,"column":4},"end":{"line":28,"column":70}},"8":{"start":{"line":32,"column":0},"end":{"line":32,"column":37}}},"fnMap":{"0":{"name":"(anonymous_0)","decl":{"start":{"line":4,"column":2},"end":{"line":4,"column":3}},"loc":{"start":{"line":9,"column":5},"end":{"line":15,"column":3}},"line":9},"1":{"name":"(anonymous_1)","decl":{"start":{"line":17,"column":2},"end":{"line":17,"column":3}},"loc":{"start":{"line":17,"column":25},"end":{"line":25,"column":3}},"line":17},"2":{"name":"(anonymous_2)","decl":{"start":{"line":27,"column":2},"end":{"line":27,"column":3}},"loc":{"start":{"line":27,"column":21},"end":{"line":29,"column":3}},"line":27}},"branchMap":{"0":{"loc":{"start":{"line":5,"column":4},"end":{"line":5,"column":19}},"type":"default-arg","locations":[{"start":{"line":5,"column":9},"end":{"line":5,"column":19}}],"line":5},"1":{"loc":{"start":{"line":6,"column":4},"end":{"line":6,"column":25}},"type":"default-arg","locations":[{"start":{"line":6,"column":15},"end":{"line":6,"column":25}}],"line":6},"2":{"loc":{"start":{"line":7,"column":4},"end":{"line":7,"column":23}},"type":"default-arg","locations":[{"start":{"line":7,"column":15},"end":{"line":7,"column":23}}],"line":7},"3":{"loc":{"start":{"line":8,"column":4},"end":{"line":8,"column":35}},"type":"default-arg","locations":[{"start":{"line":8,"column":15},"end":{"line":8,"column":35}}],"line":8}},"s":{"0":5,"1":5,"2":26,"3":26,"4":1,"5":1,"6":1,"7":86,"8":5},"f":{"0":26,"1":1,"2":86},"b":{"0":[3],"1":[19],"2":[25],"3":[26]},"_coverageSchema":"1a1c01bbd47fc00a2c39e90264f33305004495a9","hash":"a1796435fd1f638108dd0d3bbbb2b1385a48d995"}
}
