TN:
SF:src\Applications\security\AuthenticationTokenManager.js
FN:2,(anonymous_0)
FN:6,(anonymous_1)
FN:10,(anonymous_2)
FN:14,(anonymous_3)
FN:18,(anonymous_4)
FNF:5
FNH:4
FNDA:1,(anonymous_0)
FNDA:1,(anonymous_1)
FNDA:1,(anonymous_2)
FNDA:1,(anonymous_3)
FNDA:0,(anonymous_4)
DA:3,1
DA:7,1
DA:11,1
DA:15,1
DA:19,0
DA:23,5
LF:6
LH:5
BRF:0
BRH:0
end_of_record
TN:
SF:src\Applications\security\PasswordHash.js
FN:2,(anonymous_0)
FN:6,(anonymous_1)
FNF:2
FNH:1
FNDA:1,(anonymous_0)
FNDA:0,(anonymous_1)
DA:3,1
DA:7,0
DA:11,5
LF:3
LH:2
BRF:0
BRH:0
end_of_record
TN:
SF:src\Applications\use_case\AddCommentUseCase.js
FN:4,(anonymous_0)
FN:9,(anonymous_1)
FNF:2
FNH:2
FNDA:2,(anonymous_0)
FNDA:7,(anonymous_1)
DA:1,2
DA:5,2
DA:6,2
DA:10,7
DA:12,7
DA:14,6
DA:18,2
LF:7
LH:7
BRF:0
BRH:0
end_of_record
TN:
SF:src\Applications\use_case\AddReplyUseCase.js
FN:4,(anonymous_0)
FN:10,(anonymous_1)
FNF:2
FNH:2
FNDA:1,(anonymous_0)
FNDA:1,(anonymous_1)
DA:1,2
DA:5,1
DA:6,1
DA:7,1
DA:11,1
DA:13,1
DA:14,1
DA:16,1
DA:20,2
LF:9
LH:9
BRF:0
BRH:0
end_of_record
TN:
SF:src\Applications\use_case\AddThreadUseCase.js
FN:4,(anonymous_0)
FN:8,(anonymous_1)
FNF:2
FNH:2
FNDA:2,(anonymous_0)
FNDA:8,(anonymous_1)
DA:1,2
DA:5,2
DA:9,8
DA:10,7
DA:14,2
LF:5
LH:5
BRF:0
BRH:0
end_of_record
TN:
SF:src\Applications\use_case\AddUserUseCase.js
FN:4,(anonymous_0)
FN:12,(anonymous_1)
FNF:2
FNH:2
FNDA:2,(anonymous_0)
FNDA:16,(anonymous_1)
DA:1,2
DA:8,2
DA:9,2
DA:13,16
DA:15,12
DA:16,11
DA:17,11
DA:21,2
LF:8
LH:8
BRF:0
BRH:0
end_of_record
TN:
SF:src\Applications\use_case\DeleteCommentUseCase.js
FN:2,(anonymous_0)
FN:7,(anonymous_1)
FNF:2
FNH:2
FNDA:2,(anonymous_0)
FNDA:4,(anonymous_1)
DA:3,2
DA:4,2
DA:8,4
DA:9,4
DA:10,1
DA:11,1
DA:13,1
DA:17,2
LF:8
LH:8
BRF:0
BRH:0
end_of_record
TN:
SF:src\Applications\use_case\DeleteReplyUseCase.js
FN:2,(anonymous_0)
FN:8,(anonymous_1)
FNF:2
FNH:2
FNDA:1,(anonymous_0)
FNDA:1,(anonymous_1)
DA:3,1
DA:4,1
DA:5,1
DA:9,1
DA:10,1
DA:11,1
DA:12,1
DA:13,1
DA:15,1
DA:19,2
LF:10
LH:10
BRF:0
BRH:0
end_of_record
TN:
SF:src\Applications\use_case\GetThreadDetailUseCase.js
FN:4,(anonymous_0)
FN:10,(anonymous_1)
FN:20,(anonymous_2)
FN:30,(anonymous_3)
FNF:4
FNH:4
FNDA:3,(anonymous_0)
FNDA:5,(anonymous_1)
FNDA:5,(anonymous_2)
FNDA:2,(anonymous_3)
DA:1,2
DA:5,3
DA:6,3
DA:7,3
DA:11,5
DA:13,4
DA:15,4
DA:19,4
DA:21,5
DA:25,5
DA:30,2
DA:40,4
DA:47,2
LF:13
LH:13
BRDA:27,0,0,1
BRDA:27,0,1,4
BRDA:32,1,0,1
BRDA:32,1,1,1
BRF:4
BRH:4
end_of_record
TN:
SF:src\Applications\use_case\LoginUserUseCase.js
FN:5,(anonymous_0)
FN:17,(anonymous_1)
FNF:2
FNH:2
FNDA:2,(anonymous_0)
FNDA:10,(anonymous_1)
DA:1,2
DA:2,2
DA:11,2
DA:12,2
DA:13,2
DA:14,2
DA:19,10
DA:22,10
DA:27,10
DA:30,10
DA:34,10
DA:39,10
DA:44,10
DA:46,10
DA:53,2
LF:15
LH:15
BRF:0
BRH:0
end_of_record
TN:
SF:src\Applications\use_case\LogoutUserUseCase.js
FN:2,(anonymous_0)
FN:6,(anonymous_1)
FN:15,(anonymous_2)
FNF:3
FNH:3
FNDA:3,(anonymous_0)
FNDA:3,(anonymous_1)
FNDA:3,(anonymous_2)
DA:3,3
DA:7,3
DA:9,1
DA:11,1
DA:12,1
DA:16,3
DA:17,1
DA:20,2
DA:21,1
DA:26,2
LF:10
LH:10
BRDA:16,0,0,1
BRDA:16,0,1,2
BRDA:20,1,0,1
BRDA:20,1,1,1
BRF:4
BRH:4
end_of_record
TN:
SF:src\Applications\use_case\RefreshAuthenticationsUseCase.js
FN:2,(anonymous_0)
FN:10,(anonymous_1)
FN:26,(anonymous_2)
FNF:3
FNH:3
FNDA:3,(anonymous_0)
FNDA:3,(anonymous_1)
FNDA:3,(anonymous_2)
DA:6,3
DA:7,3
DA:11,3
DA:13,1
DA:15,1
DA:17,1
DA:19,1
DA:21,1
DA:23,1
DA:27,3
DA:28,1
DA:31,2
DA:32,1
DA:37,2
LF:14
LH:14
BRDA:27,0,0,1
BRDA:27,0,1,2
BRDA:31,1,0,1
BRDA:31,1,1,1
BRF:4
BRH:4
end_of_record
TN:
SF:src\Commons\config.js
FNF:0
FNH:0
DA:1,42
DA:2,42
DA:4,42
DA:5,42
DA:9,0
DA:12,42
DA:27,42
LF:7
LH:6
BRDA:4,0,0,42
BRDA:4,0,1,0
BRDA:14,1,0,42
BRDA:14,1,1,0
BRDA:16,2,0,42
BRDA:16,2,1,0
BRF:6
BRH:3
end_of_record
TN:
SF:src\Commons\exceptions\AuthenticationError.js
FN:4,(anonymous_0)
FNF:1
FNH:1
FNDA:1,(anonymous_0)
DA:1,3
DA:5,1
DA:7,1
DA:11,3
LF:4
LH:4
BRF:0
BRH:0
end_of_record
TN:
SF:src\Commons\exceptions\AuthorizationError.js
FN:4,(anonymous_0)
FNF:1
FNH:1
FNDA:4,(anonymous_0)
DA:1,5
DA:5,4
DA:6,4
DA:10,5
LF:4
LH:4
BRF:0
BRH:0
end_of_record
TN:
SF:src\Commons\exceptions\ClientError.js
FN:2,(anonymous_0)
FNF:1
FNH:1
FNDA:38,(anonymous_0)
DA:3,38
DA:5,38
DA:6,1
DA:8,37
DA:9,37
DA:13,14
LF:6
LH:6
BRDA:2,0,0,20
BRDA:5,1,0,1
BRDA:5,1,1,37
BRF:3
BRH:3
end_of_record
TN:
SF:src\Commons\exceptions\DomainErrorTranslator.js
FN:4,(anonymous_0)
FNF:1
FNH:1
FNDA:23,(anonymous_0)
DA:1,2
DA:3,2
DA:5,23
DA:9,2
DA:25,2
LF:5
LH:5
BRDA:5,0,0,23
BRDA:5,0,1,15
BRF:2
BRH:2
end_of_record
TN:
SF:src\Commons\exceptions\InvariantError.js
FN:4,(anonymous_0)
FNF:1
FNH:1
FNDA:19,(anonymous_0)
DA:1,6
DA:5,19
DA:7,19
DA:11,6
LF:4
LH:4
BRF:0
BRH:0
end_of_record
TN:
SF:src\Commons\exceptions\NotFoundError.js
FN:4,(anonymous_0)
FNF:1
FNH:1
FNDA:13,(anonymous_0)
DA:1,5
DA:5,13
DA:7,13
DA:11,5
LF:4
LH:4
BRF:0
BRH:0
end_of_record
TN:
SF:src\Domains\authentications\authenticationsRepository.js
FN:2,(anonymous_0)
FN:6,(anonymous_1)
FN:10,(anonymous_2)
FNF:3
FNH:3
FNDA:1,(anonymous_0)
FNDA:1,(anonymous_1)
FNDA:1,(anonymous_2)
DA:3,1
DA:7,1
DA:11,1
DA:15,6
LF:4
LH:4
BRF:0
BRH:0
end_of_record
TN:
SF:src\Domains\authentications\entities\NewAuth.js
FN:2,(anonymous_0)
FN:11,(anonymous_1)
FNF:2
FNH:2
FNDA:13,(anonymous_0)
FNDA:13,(anonymous_1)
DA:3,13
DA:5,11
DA:7,11
DA:8,11
DA:12,13
DA:14,13
DA:15,1
DA:18,12
DA:19,1
DA:24,3
LF:10
LH:10
BRDA:14,0,0,1
BRDA:14,0,1,12
BRDA:14,1,0,13
BRDA:14,1,1,13
BRDA:18,2,0,1
BRDA:18,2,1,11
BRDA:18,3,0,12
BRDA:18,3,1,12
BRF:8
BRH:8
end_of_record
TN:
SF:src\Domains\authentications\entities\NewAuthentications.js
FN:2,(anonymous_0)
FN:11,(anonymous_1)
FNF:2
FNH:2
FNDA:13,(anonymous_0)
FNDA:13,(anonymous_1)
DA:3,13
DA:5,11
DA:7,11
DA:8,11
DA:12,13
DA:14,13
DA:15,1
DA:18,12
DA:19,1
DA:24,3
LF:10
LH:10
BRDA:14,0,0,1
BRDA:14,0,1,12
BRDA:14,1,0,13
BRDA:14,1,1,13
BRDA:18,2,0,1
BRDA:18,2,1,11
BRDA:18,3,0,12
BRDA:18,3,1,12
BRF:8
BRH:8
end_of_record
TN:
SF:src\Domains\comments\CommentsRepository.js
FN:2,(anonymous_0)
FN:6,(anonymous_1)
FN:10,(anonymous_2)
FN:14,(anonymous_3)
FN:18,(anonymous_4)
FNF:5
FNH:5
FNDA:1,(anonymous_0)
FNDA:1,(anonymous_1)
FNDA:1,(anonymous_2)
FNDA:1,(anonymous_3)
FNDA:1,(anonymous_4)
DA:3,1
DA:7,1
DA:11,1
DA:15,1
DA:19,1
DA:23,8
LF:6
LH:6
BRF:0
BRH:0
end_of_record
TN:
SF:src\Domains\comments\entities\AddedComments.js
FN:2,(anonymous_0)
FN:12,(anonymous_1)
FNF:2
FNH:2
FNDA:13,(anonymous_0)
FNDA:13,(anonymous_1)
DA:3,13
DA:5,11
DA:7,11
DA:8,11
DA:9,11
DA:13,13
DA:15,13
DA:16,1
DA:19,12
DA:20,1
DA:25,4
LF:11
LH:11
BRDA:15,0,0,1
BRDA:15,0,1,12
BRDA:15,1,0,13
BRDA:15,1,1,13
BRDA:15,1,2,13
BRDA:19,2,0,1
BRDA:19,2,1,11
BRDA:19,3,0,12
BRDA:19,3,1,12
BRDA:19,3,2,12
BRF:10
BRH:10
end_of_record
TN:
SF:src\Domains\comments\entities\NewComments.js
FN:2,(anonymous_0)
FN:10,(anonymous_1)
FNF:2
FNH:2
FNDA:13,(anonymous_0)
FNDA:13,(anonymous_1)
DA:3,13
DA:5,11
DA:7,11
DA:11,13
DA:13,13
DA:14,1
DA:17,12
DA:18,1
DA:23,4
LF:9
LH:9
BRDA:13,0,0,1
BRDA:13,0,1,12
BRDA:17,1,0,1
BRDA:17,1,1,11
BRF:4
BRH:4
end_of_record
TN:
SF:src\Domains\replies\RepliesRepository.js
FN:2,(anonymous_0)
FN:6,(anonymous_1)
FN:10,(anonymous_2)
FN:14,(anonymous_3)
FN:18,(anonymous_4)
FNF:5
FNH:5
FNDA:1,(anonymous_0)
FNDA:1,(anonymous_1)
FNDA:1,(anonymous_2)
FNDA:1,(anonymous_3)
FNDA:1,(anonymous_4)
DA:3,1
DA:7,1
DA:11,1
DA:15,1
DA:19,1
DA:23,6
LF:6
LH:6
BRF:0
BRH:0
end_of_record
TN:
SF:src\Domains\replies\entities\AddedReply.js
FN:2,(anonymous_0)
FN:12,(anonymous_1)
FNF:2
FNH:2
FNDA:8,(anonymous_0)
FNDA:8,(anonymous_1)
DA:3,8
DA:5,6
DA:7,6
DA:8,6
DA:9,6
DA:13,8
DA:15,8
DA:16,1
DA:19,7
DA:20,1
DA:25,4
LF:11
LH:11
BRDA:15,0,0,1
BRDA:15,0,1,7
BRDA:15,1,0,8
BRDA:15,1,1,8
BRDA:15,1,2,8
BRDA:19,2,0,1
BRDA:19,2,1,6
BRDA:19,3,0,7
BRDA:19,3,1,7
BRDA:19,3,2,7
BRF:10
BRH:10
end_of_record
TN:
SF:src\Domains\replies\entities\NewReply.js
FN:2,(anonymous_0)
FN:10,(anonymous_1)
FNF:2
FNH:2
FNDA:7,(anonymous_0)
FNDA:7,(anonymous_1)
DA:3,7
DA:5,5
DA:7,5
DA:11,7
DA:13,7
DA:14,1
DA:17,6
DA:18,1
DA:23,4
LF:9
LH:9
BRDA:13,0,0,1
BRDA:13,0,1,6
BRDA:17,1,0,1
BRDA:17,1,1,5
BRF:4
BRH:4
end_of_record
TN:
SF:src\Domains\threads\ThreadRepository.js
FN:2,(anonymous_0)
FN:6,(anonymous_1)
FN:10,(anonymous_2)
FN:14,(anonymous_3)
FNF:4
FNH:4
FNDA:1,(anonymous_0)
FNDA:1,(anonymous_1)
FNDA:1,(anonymous_2)
FNDA:1,(anonymous_3)
DA:3,1
DA:7,1
DA:11,1
DA:15,1
DA:19,9
LF:5
LH:5
BRF:0
BRH:0
end_of_record
TN:
SF:src\Domains\threads\entities\AddedThread.js
FN:2,(anonymous_0)
FN:12,(anonymous_1)
FNF:2
FNH:2
FNDA:14,(anonymous_0)
FNDA:14,(anonymous_1)
DA:3,14
DA:5,12
DA:7,12
DA:8,12
DA:9,12
DA:13,14
DA:15,14
DA:16,1
DA:19,13
DA:20,1
DA:25,4
LF:11
LH:11
BRDA:15,0,0,1
BRDA:15,0,1,13
BRDA:15,1,0,14
BRDA:15,1,1,13
BRDA:15,1,2,13
BRDA:19,2,0,1
BRDA:19,2,1,12
BRDA:19,3,0,13
BRDA:19,3,1,13
BRDA:19,3,2,12
BRF:10
BRH:10
end_of_record
TN:
SF:src\Domains\threads\entities\Detailthread.js
FN:2,(anonymous_0)
FN:15,(anonymous_1)
FNF:2
FNH:2
FNDA:7,(anonymous_0)
FNDA:7,(anonymous_1)
DA:3,7
DA:5,3
DA:7,3
DA:8,3
DA:9,3
DA:10,3
DA:11,3
DA:12,3
DA:16,7
DA:18,7
DA:19,1
DA:22,6
DA:30,3
DA:35,3
LF:14
LH:14
BRDA:18,0,0,1
BRDA:18,0,1,6
BRDA:18,1,0,7
BRDA:18,1,1,7
BRDA:18,1,2,7
BRDA:18,1,3,7
BRDA:18,1,4,7
BRDA:18,1,5,7
BRDA:22,2,0,3
BRDA:22,2,1,3
BRDA:23,3,0,6
BRDA:23,3,1,6
BRDA:23,3,2,6
BRDA:23,3,3,6
BRDA:23,3,4,4
BRDA:23,3,5,4
BRF:16
BRH:16
end_of_record
TN:
SF:src\Domains\threads\entities\NewThread.js
FN:2,(anonymous_0)
FN:11,(anonymous_1)
FNF:2
FNH:2
FNDA:14,(anonymous_0)
FNDA:14,(anonymous_1)
DA:3,14
DA:5,11
DA:7,11
DA:8,11
DA:12,14
DA:14,14
DA:15,2
DA:18,12
DA:19,1
DA:24,4
LF:10
LH:10
BRDA:14,0,0,2
BRDA:14,0,1,12
BRDA:14,1,0,14
BRDA:14,1,1,14
BRDA:18,2,0,1
BRDA:18,2,1,11
BRDA:18,3,0,12
BRDA:18,3,1,12
BRF:8
BRH:8
end_of_record
TN:
SF:src\Domains\users\UserRepository.js
FN:2,(anonymous_0)
FN:6,(anonymous_1)
FN:10,(anonymous_2)
FN:14,(anonymous_3)
FNF:4
FNH:3
FNDA:1,(anonymous_0)
FNDA:1,(anonymous_1)
FNDA:1,(anonymous_2)
FNDA:0,(anonymous_3)
DA:3,1
DA:7,1
DA:11,1
DA:15,0
DA:19,5
LF:5
LH:4
BRF:0
BRH:0
end_of_record
TN:
SF:src\Domains\users\entities\RegisterUser.js
FN:2,(anonymous_0)
FN:13,(anonymous_1)
FNF:2
FNH:2
FNDA:23,(anonymous_0)
FNDA:23,(anonymous_1)
DA:4,23
DA:6,15
DA:8,15
DA:9,15
DA:10,15
DA:13,23
DA:14,23
DA:16,23
DA:17,2
DA:20,21
DA:21,2
DA:24,19
DA:25,2
DA:28,17
DA:29,2
DA:34,4
LF:16
LH:16
BRDA:16,0,0,2
BRDA:16,0,1,21
BRDA:16,1,0,23
BRDA:16,1,1,22
BRDA:16,1,2,22
BRDA:20,2,0,2
BRDA:20,2,1,19
BRDA:20,3,0,21
BRDA:20,3,1,20
BRDA:20,3,2,20
BRDA:24,4,0,2
BRDA:24,4,1,17
BRDA:28,5,0,2
BRDA:28,5,1,15
BRF:14
BRH:14
end_of_record
TN:
SF:src\Domains\users\entities\RegisteredUser.js
FN:2,(anonymous_0)
FN:12,(anonymous_1)
FNF:2
FNH:2
FNDA:18,(anonymous_0)
FNDA:18,(anonymous_1)
DA:3,18
DA:5,16
DA:7,16
DA:8,16
DA:9,16
DA:13,18
DA:15,18
DA:16,1
DA:19,17
DA:20,1
DA:25,4
LF:11
LH:11
BRDA:15,0,0,1
BRDA:15,0,1,17
BRDA:15,1,0,18
BRDA:15,1,1,17
BRDA:15,1,2,17
BRDA:19,2,0,1
BRDA:19,2,1,16
BRDA:19,3,0,17
BRDA:19,3,1,16
BRDA:19,3,2,16
BRF:10
BRH:10
end_of_record
TN:
SF:src\Infrastructures\http\createServer.js
FN:9,(anonymous_0)
FN:32,(anonymous_1)
FN:62,(anonymous_2)
FNF:3
FNH:3
FNDA:20,(anonymous_0)
FNDA:16,(anonymous_1)
FNDA:48,(anonymous_2)
DA:1,1
DA:2,1
DA:3,1
DA:4,1
DA:5,1
DA:6,1
DA:7,1
DA:9,1
DA:10,20
DA:17,20
DA:24,20
DA:32,16
DA:41,20
DA:62,20
DA:63,48
DA:65,48
DA:66,18
DA:68,18
DA:69,10
DA:73,10
DA:74,10
DA:77,8
DA:78,4
DA:81,4
DA:85,4
DA:86,4
DA:89,30
DA:92,20
DA:95,1
LF:29
LH:29
BRDA:65,0,0,18
BRDA:65,0,1,30
BRDA:68,1,0,10
BRDA:68,1,1,8
BRDA:77,2,0,4
BRDA:77,2,1,4
BRF:6
BRH:6
end_of_record
TN:
SF:src\Infrastructures\repository\AuthenticationRepositoryPostgres.js
FN:5,(anonymous_0)
FN:10,(anonymous_1)
FN:19,(anonymous_2)
FN:31,(anonymous_3)
FNF:4
FNH:4
FNDA:5,(anonymous_0)
FNDA:10,(anonymous_1)
FNDA:2,(anonymous_2)
FNDA:1,(anonymous_3)
DA:1,2
DA:2,2
DA:6,5
DA:7,5
DA:11,10
DA:15,10
DA:20,2
DA:25,2
DA:26,2
DA:27,1
DA:32,1
DA:37,1
DA:41,2
LF:13
LH:13
BRDA:26,0,0,1
BRDA:26,0,1,1
BRF:2
BRH:2
end_of_record
TN:
SF:src\Infrastructures\repository\CommentRepositoryPostgres.js
FN:7,(anonymous_0)
FN:13,(anonymous_1)
FN:28,(anonymous_2)
FN:41,(anonymous_3)
FN:60,(anonymous_4)
FN:69,(anonymous_5)
FNF:6
FNH:6
FNDA:11,(anonymous_0)
FNDA:7,(anonymous_1)
FNDA:2,(anonymous_2)
FNDA:3,(anonymous_3)
FNDA:1,(anonymous_4)
FNDA:4,(anonymous_5)
DA:1,2
DA:2,2
DA:3,2
DA:4,2
DA:8,11
DA:9,11
DA:10,11
DA:14,7
DA:15,7
DA:16,7
DA:18,7
DA:23,7
DA:25,7
DA:29,2
DA:34,2
DA:36,2
DA:37,1
DA:42,3
DA:47,3
DA:49,3
DA:50,1
DA:53,2
DA:55,2
DA:56,1
DA:61,1
DA:66,1
DA:70,4
DA:79,4
DA:80,4
DA:84,2
LF:30
LH:30
BRDA:36,0,0,1
BRDA:36,0,1,1
BRDA:49,1,0,1
BRDA:49,1,1,2
BRDA:55,2,0,1
BRDA:55,2,1,1
BRF:6
BRH:6
end_of_record
TN:
SF:src\Infrastructures\repository\ReplyRepositoryPostgres.js
FN:7,(anonymous_0)
FN:13,(anonymous_1)
FN:28,(anonymous_2)
FN:41,(anonymous_3)
FN:60,(anonymous_4)
FN:69,(anonymous_5)
FNF:6
FNH:6
FNDA:11,(anonymous_0)
FNDA:2,(anonymous_1)
FNDA:2,(anonymous_2)
FNDA:3,(anonymous_3)
FNDA:1,(anonymous_4)
FNDA:4,(anonymous_5)
DA:1,2
DA:2,2
DA:3,2
DA:4,2
DA:8,11
DA:9,11
DA:10,11
DA:14,2
DA:15,2
DA:16,2
DA:18,2
DA:23,2
DA:25,2
DA:29,2
DA:34,2
DA:36,2
DA:37,1
DA:42,3
DA:47,3
DA:49,3
DA:50,1
DA:53,2
DA:55,2
DA:56,1
DA:61,1
DA:66,1
DA:70,4
DA:78,4
DA:80,4
DA:84,2
LF:30
LH:30
BRDA:36,0,0,1
BRDA:36,0,1,1
BRDA:49,1,0,1
BRDA:49,1,1,2
BRDA:55,2,0,1
BRDA:55,2,1,1
BRF:6
BRH:6
end_of_record
TN:
SF:src\Infrastructures\repository\ThreadRepositoryPostgres.js
FN:7,(anonymous_0)
FN:13,(anonymous_1)
FN:28,(anonymous_2)
FN:41,(anonymous_3)
FN:59,(anonymous_4)
FNF:5
FNH:5
FNDA:10,(anonymous_0)
FNDA:8,(anonymous_1)
FNDA:14,(anonymous_2)
FNDA:4,(anonymous_3)
FNDA:3,(anonymous_4)
DA:1,2
DA:2,2
DA:3,2
DA:4,2
DA:8,10
DA:9,10
DA:10,10
DA:14,8
DA:15,8
DA:16,8
DA:18,8
DA:23,8
DA:25,8
DA:29,14
DA:34,14
DA:36,14
DA:37,6
DA:42,4
DA:50,4
DA:52,4
DA:53,1
DA:56,3
DA:60,3
DA:65,3
DA:67,3
DA:68,1
DA:71,2
DA:73,2
DA:74,1
DA:79,2
LF:30
LH:30
BRDA:36,0,0,6
BRDA:36,0,1,8
BRDA:52,1,0,1
BRDA:52,1,1,3
BRDA:67,2,0,1
BRDA:67,2,1,2
BRDA:73,3,0,1
BRDA:73,3,1,1
BRF:8
BRH:8
end_of_record
TN:
SF:src\Infrastructures\repository\UserRepositoryPostgres.js
FN:6,(anonymous_0)
FN:12,(anonymous_1)
FN:24,(anonymous_2)
FN:37,(anonymous_3)
FN:52,(anonymous_4)
FNF:5
FNH:5
FNDA:9,(anonymous_0)
FNDA:13,(anonymous_1)
FNDA:12,(anonymous_2)
FNDA:11,(anonymous_3)
FNDA:11,(anonymous_4)
DA:1,2
DA:2,2
DA:3,2
DA:7,9
DA:8,9
DA:9,9
DA:13,13
DA:18,13
DA:19,13
DA:20,2
DA:25,12
DA:26,12
DA:28,12
DA:33,12
DA:34,12
DA:38,11
DA:43,11
DA:45,11
DA:46,1
DA:49,10
DA:53,11
DA:58,11
DA:59,11
DA:60,1
DA:63,10
DA:67,2
LF:26
LH:26
BRDA:19,0,0,2
BRDA:19,0,1,11
BRDA:45,1,0,1
BRDA:45,1,1,10
BRDA:59,2,0,1
BRDA:59,2,1,10
BRF:6
BRH:6
end_of_record
TN:
SF:src\Infrastructures\security\BcryptPasswordHash.js
FN:5,(anonymous_0)
FN:11,(anonymous_1)
FN:15,(anonymous_2)
FNF:3
FNH:3
FNDA:2,(anonymous_0)
FNDA:11,(anonymous_1)
FNDA:9,(anonymous_2)
DA:1,2
DA:2,2
DA:6,2
DA:7,2
DA:8,2
DA:12,11
DA:16,9
DA:18,9
DA:19,0
DA:24,2
LF:10
LH:9
BRDA:5,0,0,2
BRDA:18,1,0,0
BRDA:18,1,1,9
BRF:3
BRH:2
end_of_record
TN:
SF:src\Infrastructures\security\JwtTokenManager.js
FN:5,(anonymous_0)
FN:10,(anonymous_1)
FN:17,(anonymous_2)
FN:24,(anonymous_3)
FN:39,(anonymous_4)
FNF:5
FNH:5
FNDA:6,(anonymous_0)
FNDA:12,(anonymous_1)
FNDA:11,(anonymous_2)
FNDA:2,(anonymous_3)
FNDA:1,(anonymous_4)
DA:1,2
DA:2,2
DA:6,6
DA:7,6
DA:11,12
DA:14,12
DA:18,11
DA:21,11
DA:25,2
DA:26,2
DA:27,2
DA:30,1
DA:31,1
DA:32,0
DA:35,1
DA:40,1
DA:41,1
DA:45,2
LF:18
LH:17
BRDA:31,0,0,0
BRDA:31,0,1,1
BRDA:31,1,0,1
BRDA:31,1,1,1
BRF:4
BRH:3
end_of_record
TN:
SF:src\Interfaces\http\api\authentications\handler.js
FN:6,(anonymous_0)
FN:14,(anonymous_1)
FN:27,(anonymous_2)
FN:41,(anonymous_3)
FNF:4
FNH:2
FNDA:20,(anonymous_0)
FNDA:9,(anonymous_1)
FNDA:0,(anonymous_2)
FNDA:0,(anonymous_3)
DA:1,1
DA:2,1
DA:3,1
DA:7,20
DA:9,20
DA:10,20
DA:11,20
DA:15,9
DA:16,9
DA:17,9
DA:23,9
DA:24,9
DA:28,0
DA:29,0
DA:30,0
DA:37,0
DA:38,0
DA:42,0
DA:43,0
DA:44,0
DA:50,0
DA:51,0
DA:55,1
LF:23
LH:13
BRF:0
BRH:0
end_of_record
TN:
SF:src\Interfaces\http\api\authentications\index.js
FN:6,(anonymous_0)
FNF:1
FNH:1
FNDA:20,(anonymous_0)
DA:1,1
DA:2,1
DA:4,1
DA:7,20
DA:8,20
LF:5
LH:5
BRF:0
BRH:0
end_of_record
TN:
SF:src\Interfaces\http\api\authentications\routes.js
FN:1,(anonymous_0)
FNF:1
FNH:1
FNDA:20,(anonymous_0)
DA:1,20
DA:19,1
LF:2
LH:2
BRF:0
BRH:0
end_of_record
TN:
SF:src\Interfaces\http\api\threads\handler.js
FN:9,(anonymous_0)
FN:20,(anonymous_1)
FN:36,(anonymous_2)
FN:57,(anonymous_3)
FN:72,(anonymous_4)
FN:94,(anonymous_5)
FN:109,(anonymous_6)
FNF:7
FNH:5
FNDA:20,(anonymous_0)
FNDA:7,(anonymous_1)
FNDA:6,(anonymous_2)
FNDA:3,(anonymous_3)
FNDA:0,(anonymous_4)
FNDA:0,(anonymous_5)
FNDA:3,(anonymous_6)
DA:1,1
DA:2,1
DA:3,1
DA:4,1
DA:5,1
DA:6,1
DA:10,20
DA:12,20
DA:13,20
DA:14,20
DA:15,20
DA:16,20
DA:17,20
DA:21,7
DA:22,7
DA:24,7
DA:26,6
DA:32,6
DA:33,6
DA:37,6
DA:38,6
DA:39,6
DA:41,6
DA:47,5
DA:53,5
DA:54,5
DA:58,3
DA:59,3
DA:60,3
DA:62,3
DA:64,0
DA:68,0
DA:69,0
DA:73,0
DA:74,0
DA:75,0
DA:77,0
DA:84,0
DA:90,0
DA:91,0
DA:95,0
DA:96,0
DA:97,0
DA:99,0
DA:101,0
DA:105,0
DA:106,0
DA:110,3
DA:111,3
DA:113,3
DA:115,0
DA:121,0
DA:122,0
DA:126,1
LF:54
LH:34
BRF:0
BRH:0
end_of_record
TN:
SF:src\Interfaces\http\api\threads\index.js
FN:6,(anonymous_0)
FNF:1
FNH:1
FNDA:20,(anonymous_0)
DA:1,1
DA:2,1
DA:4,1
DA:7,20
DA:8,20
LF:5
LH:5
BRF:0
BRH:0
end_of_record
TN:
SF:src\Interfaces\http\api\threads\routes.js
FN:1,(anonymous_0)
FNF:1
FNH:1
FNDA:20,(anonymous_0)
DA:1,20
DA:49,1
LF:2
LH:2
BRF:0
BRH:0
end_of_record
TN:
SF:src\Interfaces\http\api\users\handler.js
FN:4,(anonymous_0)
FN:10,(anonymous_1)
FNF:2
FNH:2
FNDA:20,(anonymous_0)
FNDA:16,(anonymous_1)
DA:1,1
DA:5,20
DA:7,20
DA:11,16
DA:12,15
DA:13,10
DA:19,10
DA:20,10
DA:24,1
LF:9
LH:9
BRF:0
BRH:0
end_of_record
TN:
SF:src\Interfaces\http\api\users\index.js
FN:6,(anonymous_0)
FNF:1
FNH:1
FNDA:20,(anonymous_0)
DA:1,1
DA:2,1
DA:4,1
DA:7,20
DA:8,20
LF:5
LH:5
BRF:0
BRH:0
end_of_record
TN:
SF:src\Interfaces\http\api\users\routes.js
FN:1,(anonymous_0)
FNF:1
FNH:1
FNDA:20,(anonymous_0)
DA:1,20
DA:7,1
LF:2
LH:2
BRF:0
BRH:0
end_of_record
TN:
SF:tests\AuthenticationsTableTestHelper.js
FN:4,(anonymous_0)
FN:13,(anonymous_1)
FN:23,(anonymous_2)
FNF:3
FNH:3
FNDA:2,(anonymous_0)
FNDA:2,(anonymous_1)
FNDA:24,(anonymous_2)
DA:1,2
DA:3,2
DA:5,2
DA:10,2
DA:14,2
DA:19,2
DA:20,2
DA:24,24
DA:28,24
DA:32,2
LF:10
LH:10
BRF:0
BRH:0
end_of_record
TN:
SF:tests\UserTableTestHelper.js
FN:4,(anonymous_0)
FN:17,(anonymous_1)
FN:27,(anonymous_2)
FNF:3
FNH:3
FNDA:26,(anonymous_0)
FNDA:1,(anonymous_1)
FNDA:86,(anonymous_2)
DA:1,5
DA:3,5
DA:10,26
DA:14,26
DA:18,1
DA:23,1
DA:24,1
DA:28,86
DA:32,5
LF:9
LH:9
BRDA:5,0,0,3
BRDA:6,1,0,19
BRDA:7,2,0,25
BRDA:8,3,0,26
BRF:4
BRH:4
end_of_record
